{"D:\\AAF_AppTestify\\frontend\\src\\App.tsx": {"path":"D:\\AAF_AppTestify\\frontend\\src\\App.tsx","all":true,"statementMap":{"0":{"start":{"line":1,"column":0},"end":{"line":1,"column":44}},"45":{"start":{"line":46,"column":0},"end":{"line":46,"column":31}},"46":{"start":{"line":47,"column":0},"end":{"line":47,"column":10}},"47":{"start":{"line":48,"column":0},"end":{"line":48,"column":19}},"48":{"start":{"line":49,"column":0},"end":{"line":49,"column":19}},"49":{"start":{"line":50,"column":0},"end":{"line":50,"column":20}},"51":{"start":{"line":52,"column":0},"end":{"line":52,"column":1}},"53":{"start":{"line":54,"column":0},"end":{"line":54,"column":22}},"54":{"start":{"line":55,"column":0},"end":{"line":55,"column":62}},"55":{"start":{"line":56,"column":0},"end":{"line":56,"column":58}},"56":{"start":{"line":57,"column":0},"end":{"line":57,"column":47}},"57":{"start":{"line":58,"column":0},"end":{"line":58,"column":5}},"58":{"start":{"line":59,"column":0},"end":{"line":59,"column":60}},"59":{"start":{"line":60,"column":0},"end":{"line":60,"column":56}},"60":{"start":{"line":61,"column":0},"end":{"line":61,"column":67}},"61":{"start":{"line":62,"column":0},"end":{"line":62,"column":57}},"62":{"start":{"line":63,"column":0},"end":{"line":63,"column":57}},"63":{"start":{"line":64,"column":0},"end":{"line":64,"column":43}},"64":{"start":{"line":65,"column":0},"end":{"line":65,"column":64}},"65":{"start":{"line":66,"column":0},"end":{"line":66,"column":69}},"66":{"start":{"line":67,"column":0},"end":{"line":67,"column":73}},"67":{"start":{"line":68,"column":0},"end":{"line":68,"column":64}},"68":{"start":{"line":69,"column":0},"end":{"line":69,"column":48}},"69":{"start":{"line":70,"column":0},"end":{"line":70,"column":58}},"70":{"start":{"line":71,"column":0},"end":{"line":71,"column":75}},"71":{"start":{"line":72,"column":0},"end":{"line":72,"column":94}},"73":{"start":{"line":74,"column":0},"end":{"line":74,"column":19}},"74":{"start":{"line":75,"column":0},"end":{"line":75,"column":63}},"75":{"start":{"line":76,"column":0},"end":{"line":76,"column":51}},"76":{"start":{"line":77,"column":0},"end":{"line":77,"column":14}},"78":{"start":{"line":79,"column":0},"end":{"line":79,"column":19}},"79":{"start":{"line":80,"column":0},"end":{"line":80,"column":23}},"80":{"start":{"line":81,"column":0},"end":{"line":81,"column":61}},"81":{"start":{"line":82,"column":0},"end":{"line":82,"column":44}},"82":{"start":{"line":83,"column":0},"end":{"line":83,"column":9}},"84":{"start":{"line":85,"column":0},"end":{"line":85,"column":19}},"85":{"start":{"line":86,"column":0},"end":{"line":86,"column":13}},"86":{"start":{"line":87,"column":0},"end":{"line":87,"column":20}},"87":{"start":{"line":88,"column":0},"end":{"line":88,"column":33}},"88":{"start":{"line":89,"column":0},"end":{"line":89,"column":43}},"89":{"start":{"line":90,"column":0},"end":{"line":90,"column":9}},"91":{"start":{"line":92,"column":0},"end":{"line":92,"column":19}},"92":{"start":{"line":93,"column":0},"end":{"line":93,"column":24}},"93":{"start":{"line":94,"column":0},"end":{"line":94,"column":23}},"94":{"start":{"line":95,"column":0},"end":{"line":95,"column":48}},"95":{"start":{"line":96,"column":0},"end":{"line":96,"column":9}},"97":{"start":{"line":98,"column":0},"end":{"line":98,"column":19}},"98":{"start":{"line":99,"column":0},"end":{"line":99,"column":31}},"99":{"start":{"line":100,"column":0},"end":{"line":100,"column":23}},"100":{"start":{"line":101,"column":0},"end":{"line":101,"column":13}},"101":{"start":{"line":102,"column":0},"end":{"line":102,"column":5}},"102":{"start":{"line":103,"column":0},"end":{"line":103,"column":18}},"103":{"start":{"line":104,"column":0},"end":{"line":104,"column":23}},"104":{"start":{"line":105,"column":0},"end":{"line":105,"column":35}},"105":{"start":{"line":106,"column":0},"end":{"line":106,"column":28}},"107":{"start":{"line":108,"column":0},"end":{"line":108,"column":19}},"108":{"start":{"line":109,"column":0},"end":{"line":109,"column":16}},"109":{"start":{"line":110,"column":0},"end":{"line":110,"column":39}},"110":{"start":{"line":111,"column":0},"end":{"line":111,"column":13}},"111":{"start":{"line":112,"column":0},"end":{"line":112,"column":5}},"112":{"start":{"line":113,"column":0},"end":{"line":113,"column":27}},"113":{"start":{"line":114,"column":0},"end":{"line":114,"column":51}},"114":{"start":{"line":115,"column":0},"end":{"line":115,"column":18}},"115":{"start":{"line":116,"column":0},"end":{"line":116,"column":35}},"116":{"start":{"line":117,"column":0},"end":{"line":117,"column":100}},"117":{"start":{"line":118,"column":0},"end":{"line":118,"column":9}},"118":{"start":{"line":119,"column":0},"end":{"line":119,"column":8}},"119":{"start":{"line":120,"column":0},"end":{"line":120,"column":13}},"121":{"start":{"line":122,"column":0},"end":{"line":122,"column":49}},"122":{"start":{"line":123,"column":0},"end":{"line":123,"column":23}},"123":{"start":{"line":124,"column":0},"end":{"line":124,"column":4}},"125":{"start":{"line":126,"column":0},"end":{"line":126,"column":36}},"126":{"start":{"line":127,"column":0},"end":{"line":127,"column":9}},"127":{"start":{"line":128,"column":0},"end":{"line":128,"column":85}},"128":{"start":{"line":129,"column":0},"end":{"line":129,"column":15}},"129":{"start":{"line":130,"column":0},"end":{"line":130,"column":18}},"130":{"start":{"line":131,"column":0},"end":{"line":131,"column":21}},"131":{"start":{"line":132,"column":0},"end":{"line":132,"column":20}},"132":{"start":{"line":133,"column":0},"end":{"line":133,"column":25}},"133":{"start":{"line":134,"column":0},"end":{"line":134,"column":4}},"135":{"start":{"line":136,"column":0},"end":{"line":136,"column":35}},"136":{"start":{"line":137,"column":0},"end":{"line":137,"column":62}},"137":{"start":{"line":138,"column":0},"end":{"line":138,"column":4}},"139":{"start":{"line":140,"column":0},"end":{"line":140,"column":60}},"140":{"start":{"line":141,"column":0},"end":{"line":141,"column":23}},"141":{"start":{"line":142,"column":0},"end":{"line":142,"column":64}},"142":{"start":{"line":143,"column":0},"end":{"line":143,"column":19}},"143":{"start":{"line":144,"column":0},"end":{"line":144,"column":21}},"144":{"start":{"line":145,"column":0},"end":{"line":145,"column":9}},"145":{"start":{"line":146,"column":0},"end":{"line":146,"column":85}},"146":{"start":{"line":147,"column":0},"end":{"line":147,"column":27}},"147":{"start":{"line":148,"column":0},"end":{"line":148,"column":27}},"148":{"start":{"line":149,"column":0},"end":{"line":149,"column":40}},"149":{"start":{"line":150,"column":0},"end":{"line":150,"column":23}},"150":{"start":{"line":151,"column":0},"end":{"line":151,"column":19}},"151":{"start":{"line":152,"column":0},"end":{"line":152,"column":79}},"152":{"start":{"line":153,"column":0},"end":{"line":153,"column":15}},"153":{"start":{"line":154,"column":0},"end":{"line":154,"column":24}},"154":{"start":{"line":155,"column":0},"end":{"line":155,"column":5}},"155":{"start":{"line":156,"column":0},"end":{"line":156,"column":4}},"157":{"start":{"line":158,"column":0},"end":{"line":158,"column":33}},"158":{"start":{"line":159,"column":0},"end":{"line":159,"column":32}},"159":{"start":{"line":160,"column":0},"end":{"line":160,"column":19}},"160":{"start":{"line":161,"column":0},"end":{"line":161,"column":21}},"161":{"start":{"line":162,"column":0},"end":{"line":162,"column":20}},"162":{"start":{"line":163,"column":0},"end":{"line":163,"column":9}},"163":{"start":{"line":164,"column":0},"end":{"line":164,"column":83}},"164":{"start":{"line":165,"column":0},"end":{"line":165,"column":22}},"165":{"start":{"line":166,"column":0},"end":{"line":166,"column":19}},"166":{"start":{"line":167,"column":0},"end":{"line":167,"column":66}},"167":{"start":{"line":168,"column":0},"end":{"line":168,"column":15}},"168":{"start":{"line":169,"column":0},"end":{"line":169,"column":24}},"169":{"start":{"line":170,"column":0},"end":{"line":170,"column":5}},"170":{"start":{"line":171,"column":0},"end":{"line":171,"column":4}},"172":{"start":{"line":173,"column":0},"end":{"line":173,"column":35}},"174":{"start":{"line":175,"column":0},"end":{"line":175,"column":19}},"175":{"start":{"line":176,"column":0},"end":{"line":176,"column":21}},"176":{"start":{"line":177,"column":0},"end":{"line":177,"column":25}},"177":{"start":{"line":178,"column":0},"end":{"line":178,"column":9}},"178":{"start":{"line":179,"column":0},"end":{"line":179,"column":63}},"179":{"start":{"line":180,"column":0},"end":{"line":180,"column":27}},"180":{"start":{"line":181,"column":0},"end":{"line":181,"column":19}},"181":{"start":{"line":182,"column":0},"end":{"line":182,"column":68}},"182":{"start":{"line":183,"column":0},"end":{"line":183,"column":15}},"183":{"start":{"line":184,"column":0},"end":{"line":184,"column":24}},"184":{"start":{"line":185,"column":0},"end":{"line":185,"column":5}},"185":{"start":{"line":186,"column":0},"end":{"line":186,"column":4}},"187":{"start":{"line":188,"column":0},"end":{"line":188,"column":46}},"188":{"start":{"line":189,"column":0},"end":{"line":189,"column":56}},"189":{"start":{"line":190,"column":0},"end":{"line":190,"column":12}},"190":{"start":{"line":191,"column":0},"end":{"line":191,"column":24}},"191":{"start":{"line":192,"column":0},"end":{"line":192,"column":24}},"192":{"start":{"line":193,"column":0},"end":{"line":193,"column":5}},"193":{"start":{"line":194,"column":0},"end":{"line":194,"column":4}},"195":{"start":{"line":196,"column":0},"end":{"line":196,"column":65}},"197":{"start":{"line":198,"column":0},"end":{"line":198,"column":10}},"198":{"start":{"line":199,"column":0},"end":{"line":199,"column":12}},"199":{"start":{"line":200,"column":0},"end":{"line":200,"column":52}},"200":{"start":{"line":201,"column":0},"end":{"line":201,"column":59}},"201":{"start":{"line":202,"column":0},"end":{"line":202,"column":67}},"202":{"start":{"line":203,"column":0},"end":{"line":203,"column":65}},"203":{"start":{"line":204,"column":0},"end":{"line":204,"column":63}},"204":{"start":{"line":205,"column":0},"end":{"line":205,"column":70}},"205":{"start":{"line":206,"column":0},"end":{"line":206,"column":12}},"206":{"start":{"line":207,"column":0},"end":{"line":207,"column":21}},"207":{"start":{"line":208,"column":0},"end":{"line":208,"column":17}},"208":{"start":{"line":209,"column":0},"end":{"line":209,"column":18}},"209":{"start":{"line":210,"column":0},"end":{"line":210,"column":42}},"211":{"start":{"line":212,"column":0},"end":{"line":212,"column":79}},"214":{"start":{"line":215,"column":0},"end":{"line":215,"column":8}},"215":{"start":{"line":216,"column":0},"end":{"line":216,"column":12}},"216":{"start":{"line":217,"column":0},"end":{"line":217,"column":22}},"217":{"start":{"line":218,"column":0},"end":{"line":218,"column":17}},"218":{"start":{"line":219,"column":0},"end":{"line":219,"column":18}},"219":{"start":{"line":220,"column":0},"end":{"line":220,"column":42}},"221":{"start":{"line":222,"column":0},"end":{"line":222,"column":50}},"224":{"start":{"line":225,"column":0},"end":{"line":225,"column":8}},"225":{"start":{"line":226,"column":0},"end":{"line":226,"column":66}},"226":{"start":{"line":227,"column":0},"end":{"line":227,"column":12}},"227":{"start":{"line":228,"column":0},"end":{"line":228,"column":19}},"228":{"start":{"line":229,"column":0},"end":{"line":229,"column":17}},"229":{"start":{"line":230,"column":0},"end":{"line":230,"column":18}},"230":{"start":{"line":231,"column":0},"end":{"line":231,"column":114}},"232":{"start":{"line":233,"column":0},"end":{"line":233,"column":44}},"236":{"start":{"line":237,"column":0},"end":{"line":237,"column":36}},"237":{"start":{"line":238,"column":0},"end":{"line":238,"column":16}},"238":{"start":{"line":239,"column":0},"end":{"line":239,"column":20}},"239":{"start":{"line":240,"column":0},"end":{"line":240,"column":21}},"240":{"start":{"line":241,"column":0},"end":{"line":241,"column":35}},"241":{"start":{"line":242,"column":0},"end":{"line":242,"column":82}},"242":{"start":{"line":243,"column":0},"end":{"line":243,"column":20}},"244":{"start":{"line":245,"column":0},"end":{"line":245,"column":12}},"245":{"start":{"line":246,"column":0},"end":{"line":246,"column":17}},"246":{"start":{"line":247,"column":0},"end":{"line":247,"column":74}},"247":{"start":{"line":248,"column":0},"end":{"line":248,"column":80}},"248":{"start":{"line":249,"column":0},"end":{"line":249,"column":92}},"249":{"start":{"line":250,"column":0},"end":{"line":250,"column":92}},"250":{"start":{"line":251,"column":0},"end":{"line":251,"column":63}},"251":{"start":{"line":252,"column":0},"end":{"line":252,"column":14}},"252":{"start":{"line":253,"column":0},"end":{"line":253,"column":25}},"253":{"start":{"line":254,"column":0},"end":{"line":254,"column":19}},"254":{"start":{"line":255,"column":0},"end":{"line":255,"column":27}},"255":{"start":{"line":256,"column":0},"end":{"line":256,"column":39}},"256":{"start":{"line":257,"column":0},"end":{"line":257,"column":27}},"257":{"start":{"line":258,"column":0},"end":{"line":258,"column":31}},"258":{"start":{"line":259,"column":0},"end":{"line":259,"column":43}},"259":{"start":{"line":260,"column":0},"end":{"line":260,"column":49}},"260":{"start":{"line":261,"column":0},"end":{"line":261,"column":43}},"261":{"start":{"line":262,"column":0},"end":{"line":262,"column":49}},"262":{"start":{"line":263,"column":0},"end":{"line":263,"column":49}},"263":{"start":{"line":264,"column":0},"end":{"line":264,"column":29}},"264":{"start":{"line":265,"column":0},"end":{"line":265,"column":35}},"265":{"start":{"line":266,"column":0},"end":{"line":266,"column":33}},"266":{"start":{"line":267,"column":0},"end":{"line":267,"column":39}},"267":{"start":{"line":268,"column":0},"end":{"line":268,"column":31}},"268":{"start":{"line":269,"column":0},"end":{"line":269,"column":53}},"269":{"start":{"line":270,"column":0},"end":{"line":270,"column":41}},"270":{"start":{"line":271,"column":0},"end":{"line":271,"column":35}},"271":{"start":{"line":272,"column":0},"end":{"line":272,"column":31}},"272":{"start":{"line":273,"column":0},"end":{"line":273,"column":29}},"273":{"start":{"line":274,"column":0},"end":{"line":274,"column":39}},"274":{"start":{"line":275,"column":0},"end":{"line":275,"column":14}},"276":{"start":{"line":277,"column":0},"end":{"line":277,"column":10}},"277":{"start":{"line":278,"column":0},"end":{"line":278,"column":69}},"278":{"start":{"line":279,"column":0},"end":{"line":279,"column":14}},"279":{"start":{"line":280,"column":0},"end":{"line":280,"column":22}},"280":{"start":{"line":281,"column":0},"end":{"line":281,"column":19}},"281":{"start":{"line":282,"column":0},"end":{"line":282,"column":31}},"283":{"start":{"line":284,"column":0},"end":{"line":284,"column":44}},"284":{"start":{"line":285,"column":0},"end":{"line":285,"column":72}},"285":{"start":{"line":286,"column":0},"end":{"line":286,"column":14}},"287":{"start":{"line":288,"column":0},"end":{"line":288,"column":10}},"288":{"start":{"line":289,"column":0},"end":{"line":289,"column":65}},"289":{"start":{"line":290,"column":0},"end":{"line":290,"column":14}},"290":{"start":{"line":291,"column":0},"end":{"line":291,"column":29}},"291":{"start":{"line":292,"column":0},"end":{"line":292,"column":19}},"292":{"start":{"line":293,"column":0},"end":{"line":293,"column":38}},"294":{"start":{"line":295,"column":0},"end":{"line":295,"column":44}},"295":{"start":{"line":296,"column":0},"end":{"line":296,"column":72}},"296":{"start":{"line":297,"column":0},"end":{"line":297,"column":14}},"298":{"start":{"line":299,"column":0},"end":{"line":299,"column":10}},"299":{"start":{"line":300,"column":0},"end":{"line":300,"column":14}},"300":{"start":{"line":301,"column":0},"end":{"line":301,"column":26}},"301":{"start":{"line":302,"column":0},"end":{"line":302,"column":105}},"302":{"start":{"line":303,"column":0},"end":{"line":303,"column":10}},"303":{"start":{"line":304,"column":0},"end":{"line":304,"column":67}},"304":{"start":{"line":305,"column":0},"end":{"line":305,"column":14}},"305":{"start":{"line":306,"column":0},"end":{"line":306,"column":25}},"306":{"start":{"line":307,"column":0},"end":{"line":307,"column":110}},"307":{"start":{"line":308,"column":0},"end":{"line":308,"column":10}},"308":{"start":{"line":309,"column":0},"end":{"line":309,"column":91}},"309":{"start":{"line":310,"column":0},"end":{"line":310,"column":78}},"310":{"start":{"line":311,"column":0},"end":{"line":311,"column":70}},"311":{"start":{"line":312,"column":0},"end":{"line":312,"column":63}},"312":{"start":{"line":313,"column":0},"end":{"line":313,"column":132}},"313":{"start":{"line":314,"column":0},"end":{"line":314,"column":14}},"314":{"start":{"line":315,"column":0},"end":{"line":315,"column":34}},"315":{"start":{"line":316,"column":0},"end":{"line":316,"column":118}},"316":{"start":{"line":317,"column":0},"end":{"line":317,"column":10}},"317":{"start":{"line":318,"column":0},"end":{"line":318,"column":14}},"318":{"start":{"line":319,"column":0},"end":{"line":319,"column":12}},"319":{"start":{"line":320,"column":0},"end":{"line":320,"column":16}},"320":{"start":{"line":321,"column":0},"end":{"line":321,"column":17}},"321":{"start":{"line":322,"column":0},"end":{"line":322,"column":31}},"322":{"start":{"line":323,"column":0},"end":{"line":323,"column":34}},"323":{"start":{"line":324,"column":0},"end":{"line":324,"column":37}},"324":{"start":{"line":325,"column":0},"end":{"line":325,"column":104}},"325":{"start":{"line":326,"column":0},"end":{"line":326,"column":18}},"326":{"start":{"line":327,"column":0},"end":{"line":327,"column":16}},"328":{"start":{"line":329,"column":0},"end":{"line":329,"column":8}},"329":{"start":{"line":330,"column":0},"end":{"line":330,"column":13}},"331":{"start":{"line":332,"column":0},"end":{"line":332,"column":1}}},"s":{"0":0,"45":0,"46":0,"47":0,"48":0,"49":0,"51":0,"53":0,"54":0,"55":0,"56":0,"57":0,"58":0,"59":0,"60":0,"61":0,"62":0,"63":0,"64":0,"65":0,"66":0,"67":0,"68":0,"69":0,"70":0,"71":0,"73":0,"74":0,"75":0,"76":0,"78":0,"79":0,"80":0,"81":0,"82":0,"84":0,"85":0,"86":0,"87":0,"88":0,"89":0,"91":0,"92":0,"93":0,"94":0,"95":0,"97":0,"98":0,"99":0,"100":0,"101":0,"102":0,"103":0,"104":0,"105":0,"107":0,"108":0,"109":0,"110":0,"111":0,"112":0,"113":0,"114":0,"115":0,"116":0,"117":0,"118":0,"119":0,"121":0,"122":0,"123":0,"125":0,"126":0,"127":0,"128":0,"129":0,"130":0,"131":0,"132":0,"133":0,"135":0,"136":0,"137":0,"139":0,"140":0,"141":0,"142":0,"143":0,"144":0,"145":0,"146":0,"147":0,"148":0,"149":0,"150":0,"151":0,"152":0,"153":0,"154":0,"155":0,"157":0,"158":0,"159":0,"160":0,"161":0,"162":0,"163":0,"164":0,"165":0,"166":0,"167":0,"168":0,"169":0,"170":0,"172":0,"174":0,"175":0,"176":0,"177":0,"178":0,"179":0,"180":0,"181":0,"182":0,"183":0,"184":0,"185":0,"187":0,"188":0,"189":0,"190":0,"191":0,"192":0,"193":0,"195":0,"197":0,"198":0,"199":0,"200":0,"201":0,"202":0,"203":0,"204":0,"205":0,"206":0,"207":0,"208":0,"209":0,"211":0,"214":0,"215":0,"216":0,"217":0,"218":0,"219":0,"221":0,"224":0,"225":0,"226":0,"227":0,"228":0,"229":0,"230":0,"232":0,"236":0,"237":0,"238":0,"239":0,"240":0,"241":0,"242":0,"244":0,"245":0,"246":0,"247":0,"248":0,"249":0,"250":0,"251":0,"252":0,"253":0,"254":0,"255":0,"256":0,"257":0,"258":0,"259":0,"260":0,"261":0,"262":0,"263":0,"264":0,"265":0,"266":0,"267":0,"268":0,"269":0,"270":0,"271":0,"272":0,"273":0,"274":0,"276":0,"277":0,"278":0,"279":0,"280":0,"281":0,"283":0,"284":0,"285":0,"287":0,"288":0,"289":0,"290":0,"291":0,"292":0,"294":0,"295":0,"296":0,"298":0,"299":0,"300":0,"301":0,"302":0,"303":0,"304":0,"305":0,"306":0,"307":0,"308":0,"309":0,"310":0,"311":0,"312":0,"313":0,"314":0,"315":0,"316":0,"317":0,"318":0,"319":0,"320":0,"321":0,"322":0,"323":0,"324":0,"325":0,"326":0,"328":0,"329":0,"331":0},"branchMap":{"0":{"type":"branch","line":1,"loc":{"start":{"line":1,"column":0},"end":{"line":332,"column":-4543}},"locations":[{"start":{"line":1,"column":0},"end":{"line":332,"column":-4543}}]}},"b":{"0":[0]},"fnMap":{"0":{"name":"(empty-report)","decl":{"start":{"line":1,"column":0},"end":{"line":332,"column":-4543}},"loc":{"start":{"line":1,"column":0},"end":{"line":332,"column":-4543}},"line":1}},"f":{"0":0}}
,"D:\\AAF_AppTestify\\frontend\\src\\GovernanceView.tsx": {"path":"D:\\AAF_AppTestify\\frontend\\src\\GovernanceView.tsx","all":true,"statementMap":{"0":{"start":{"line":1,"column":0},"end":{"line":1,"column":61}},"38":{"start":{"line":39,"column":0},"end":{"line":39,"column":67}},"39":{"start":{"line":40,"column":0},"end":{"line":40,"column":42}},"40":{"start":{"line":41,"column":0},"end":{"line":41,"column":88}},"42":{"start":{"line":43,"column":0},"end":{"line":43,"column":10}},"43":{"start":{"line":44,"column":0},"end":{"line":44,"column":39}},"44":{"start":{"line":45,"column":0},"end":{"line":45,"column":42}},"45":{"start":{"line":46,"column":0},"end":{"line":46,"column":81}},"46":{"start":{"line":47,"column":0},"end":{"line":47,"column":92}},"47":{"start":{"line":48,"column":0},"end":{"line":48,"column":86}},"48":{"start":{"line":49,"column":0},"end":{"line":49,"column":12}},"49":{"start":{"line":50,"column":0},"end":{"line":50,"column":67}},"50":{"start":{"line":51,"column":0},"end":{"line":51,"column":30}},"51":{"start":{"line":52,"column":0},"end":{"line":52,"column":55}},"52":{"start":{"line":53,"column":0},"end":{"line":53,"column":40}},"53":{"start":{"line":54,"column":0},"end":{"line":54,"column":58}},"54":{"start":{"line":55,"column":0},"end":{"line":55,"column":13}},"55":{"start":{"line":56,"column":0},"end":{"line":56,"column":13}},"56":{"start":{"line":57,"column":0},"end":{"line":57,"column":15}},"57":{"start":{"line":58,"column":0},"end":{"line":58,"column":21}},"58":{"start":{"line":59,"column":0},"end":{"line":59,"column":63}},"59":{"start":{"line":60,"column":0},"end":{"line":60,"column":41}},"60":{"start":{"line":61,"column":0},"end":{"line":61,"column":92}},"61":{"start":{"line":62,"column":0},"end":{"line":62,"column":18}},"62":{"start":{"line":63,"column":0},"end":{"line":63,"column":15}},"63":{"start":{"line":64,"column":0},"end":{"line":64,"column":9}},"65":{"start":{"line":66,"column":0},"end":{"line":66,"column":1}},"67":{"start":{"line":68,"column":0},"end":{"line":68,"column":60}},"68":{"start":{"line":69,"column":0},"end":{"line":69,"column":9}},"69":{"start":{"line":70,"column":0},"end":{"line":70,"column":9}},"70":{"start":{"line":71,"column":0},"end":{"line":71,"column":10}},"71":{"start":{"line":72,"column":0},"end":{"line":72,"column":12}},"72":{"start":{"line":73,"column":0},"end":{"line":73,"column":18}},"73":{"start":{"line":74,"column":0},"end":{"line":74,"column":21}},"74":{"start":{"line":75,"column":0},"end":{"line":75,"column":18}},"75":{"start":{"line":76,"column":0},"end":{"line":76,"column":21}},"76":{"start":{"line":77,"column":0},"end":{"line":77,"column":19}},"77":{"start":{"line":78,"column":0},"end":{"line":78,"column":11}},"78":{"start":{"line":79,"column":0},"end":{"line":79,"column":14}},"79":{"start":{"line":80,"column":0},"end":{"line":80,"column":13}},"80":{"start":{"line":81,"column":0},"end":{"line":81,"column":16}},"81":{"start":{"line":82,"column":0},"end":{"line":82,"column":12}},"82":{"start":{"line":83,"column":0},"end":{"line":83,"column":23}},"83":{"start":{"line":84,"column":0},"end":{"line":84,"column":20}},"84":{"start":{"line":85,"column":0},"end":{"line":85,"column":12}},"85":{"start":{"line":86,"column":0},"end":{"line":86,"column":12}},"86":{"start":{"line":87,"column":0},"end":{"line":87,"column":11}},"87":{"start":{"line":88,"column":0},"end":{"line":88,"column":16}},"88":{"start":{"line":89,"column":0},"end":{"line":89,"column":12}},"90":{"start":{"line":91,"column":0},"end":{"line":91,"column":43}},"91":{"start":{"line":92,"column":0},"end":{"line":92,"column":66}},"93":{"start":{"line":94,"column":0},"end":{"line":94,"column":61}},"94":{"start":{"line":95,"column":0},"end":{"line":95,"column":46}},"95":{"start":{"line":96,"column":0},"end":{"line":96,"column":45}},"103":{"start":{"line":104,"column":0},"end":{"line":104,"column":110}},"104":{"start":{"line":105,"column":0},"end":{"line":105,"column":36}},"105":{"start":{"line":106,"column":0},"end":{"line":106,"column":28}},"106":{"start":{"line":107,"column":0},"end":{"line":107,"column":29}},"107":{"start":{"line":108,"column":0},"end":{"line":108,"column":33}},"108":{"start":{"line":109,"column":0},"end":{"line":109,"column":33}},"109":{"start":{"line":110,"column":0},"end":{"line":110,"column":17}},"110":{"start":{"line":111,"column":0},"end":{"line":111,"column":22}},"112":{"start":{"line":113,"column":0},"end":{"line":113,"column":57}},"114":{"start":{"line":115,"column":0},"end":{"line":115,"column":17}},"115":{"start":{"line":116,"column":0},"end":{"line":116,"column":52}},"116":{"start":{"line":117,"column":0},"end":{"line":117,"column":47}},"117":{"start":{"line":118,"column":0},"end":{"line":118,"column":154}},"118":{"start":{"line":119,"column":0},"end":{"line":119,"column":6}},"119":{"start":{"line":120,"column":0},"end":{"line":120,"column":4}},"120":{"start":{"line":121,"column":0},"end":{"line":121,"column":56}},"121":{"start":{"line":122,"column":0},"end":{"line":122,"column":56}},"123":{"start":{"line":124,"column":0},"end":{"line":124,"column":19}},"124":{"start":{"line":125,"column":0},"end":{"line":125,"column":33}},"125":{"start":{"line":126,"column":0},"end":{"line":126,"column":39}},"126":{"start":{"line":127,"column":0},"end":{"line":127,"column":49}},"127":{"start":{"line":128,"column":0},"end":{"line":128,"column":27}},"128":{"start":{"line":129,"column":0},"end":{"line":129,"column":9}},"129":{"start":{"line":130,"column":0},"end":{"line":130,"column":5}},"130":{"start":{"line":131,"column":0},"end":{"line":131,"column":20}},"132":{"start":{"line":133,"column":0},"end":{"line":133,"column":52}},"133":{"start":{"line":134,"column":0},"end":{"line":134,"column":19}},"134":{"start":{"line":135,"column":0},"end":{"line":135,"column":19}},"135":{"start":{"line":136,"column":0},"end":{"line":136,"column":26}},"136":{"start":{"line":137,"column":0},"end":{"line":137,"column":13}},"137":{"start":{"line":138,"column":0},"end":{"line":138,"column":5}},"138":{"start":{"line":139,"column":0},"end":{"line":139,"column":22}},"139":{"start":{"line":140,"column":0},"end":{"line":140,"column":40}},"140":{"start":{"line":141,"column":0},"end":{"line":141,"column":29}},"141":{"start":{"line":142,"column":0},"end":{"line":142,"column":29}},"142":{"start":{"line":143,"column":0},"end":{"line":143,"column":46}},"143":{"start":{"line":144,"column":0},"end":{"line":144,"column":9}},"144":{"start":{"line":145,"column":0},"end":{"line":145,"column":12}},"145":{"start":{"line":146,"column":0},"end":{"line":146,"column":41}},"146":{"start":{"line":147,"column":0},"end":{"line":147,"column":16}},"147":{"start":{"line":148,"column":0},"end":{"line":148,"column":28}},"148":{"start":{"line":149,"column":0},"end":{"line":149,"column":40}},"149":{"start":{"line":150,"column":0},"end":{"line":150,"column":48}},"150":{"start":{"line":151,"column":0},"end":{"line":151,"column":43}},"151":{"start":{"line":152,"column":0},"end":{"line":152,"column":4}},"153":{"start":{"line":154,"column":0},"end":{"line":154,"column":52}},"154":{"start":{"line":155,"column":0},"end":{"line":155,"column":30}},"155":{"start":{"line":156,"column":0},"end":{"line":156,"column":19}},"156":{"start":{"line":157,"column":0},"end":{"line":157,"column":25}},"157":{"start":{"line":158,"column":0},"end":{"line":158,"column":61}},"158":{"start":{"line":159,"column":0},"end":{"line":159,"column":9}},"159":{"start":{"line":160,"column":0},"end":{"line":160,"column":84}},"160":{"start":{"line":161,"column":0},"end":{"line":161,"column":56}},"161":{"start":{"line":162,"column":0},"end":{"line":162,"column":129}},"162":{"start":{"line":163,"column":0},"end":{"line":163,"column":19}},"163":{"start":{"line":164,"column":0},"end":{"line":164,"column":29}},"164":{"start":{"line":165,"column":0},"end":{"line":165,"column":13}},"165":{"start":{"line":166,"column":0},"end":{"line":166,"column":98}},"166":{"start":{"line":167,"column":0},"end":{"line":167,"column":9}},"167":{"start":{"line":168,"column":0},"end":{"line":168,"column":15}},"168":{"start":{"line":169,"column":0},"end":{"line":169,"column":28}},"169":{"start":{"line":170,"column":0},"end":{"line":170,"column":22}},"170":{"start":{"line":171,"column":0},"end":{"line":171,"column":5}},"171":{"start":{"line":172,"column":0},"end":{"line":172,"column":4}},"173":{"start":{"line":174,"column":0},"end":{"line":174,"column":58}},"174":{"start":{"line":175,"column":0},"end":{"line":175,"column":45}},"175":{"start":{"line":176,"column":0},"end":{"line":176,"column":42}},"176":{"start":{"line":177,"column":0},"end":{"line":177,"column":29}},"177":{"start":{"line":178,"column":0},"end":{"line":178,"column":36}},"178":{"start":{"line":179,"column":0},"end":{"line":179,"column":17}},"179":{"start":{"line":180,"column":0},"end":{"line":180,"column":36}},"180":{"start":{"line":181,"column":0},"end":{"line":181,"column":4}},"182":{"start":{"line":183,"column":0},"end":{"line":183,"column":39}},"183":{"start":{"line":184,"column":0},"end":{"line":184,"column":32}},"184":{"start":{"line":185,"column":0},"end":{"line":185,"column":9}},"185":{"start":{"line":186,"column":0},"end":{"line":186,"column":58}},"186":{"start":{"line":187,"column":0},"end":{"line":187,"column":64}},"187":{"start":{"line":188,"column":0},"end":{"line":188,"column":19}},"188":{"start":{"line":189,"column":0},"end":{"line":189,"column":49}},"189":{"start":{"line":190,"column":0},"end":{"line":190,"column":5}},"190":{"start":{"line":191,"column":0},"end":{"line":191,"column":4}},"192":{"start":{"line":193,"column":0},"end":{"line":193,"column":62}},"193":{"start":{"line":194,"column":0},"end":{"line":194,"column":102}},"195":{"start":{"line":196,"column":0},"end":{"line":196,"column":10}},"196":{"start":{"line":197,"column":0},"end":{"line":197,"column":25}},"197":{"start":{"line":198,"column":0},"end":{"line":198,"column":41}},"198":{"start":{"line":199,"column":0},"end":{"line":199,"column":55}},"199":{"start":{"line":200,"column":0},"end":{"line":200,"column":59}},"200":{"start":{"line":201,"column":0},"end":{"line":201,"column":36}},"202":{"start":{"line":203,"column":0},"end":{"line":203,"column":12}},"203":{"start":{"line":204,"column":0},"end":{"line":204,"column":15}},"205":{"start":{"line":206,"column":0},"end":{"line":206,"column":16}},"206":{"start":{"line":207,"column":0},"end":{"line":207,"column":56}},"207":{"start":{"line":208,"column":0},"end":{"line":208,"column":17}},"208":{"start":{"line":209,"column":0},"end":{"line":209,"column":14}},"209":{"start":{"line":210,"column":0},"end":{"line":210,"column":15}},"211":{"start":{"line":212,"column":0},"end":{"line":212,"column":30}},"212":{"start":{"line":213,"column":0},"end":{"line":213,"column":56}},"213":{"start":{"line":214,"column":0},"end":{"line":214,"column":46}},"214":{"start":{"line":215,"column":0},"end":{"line":215,"column":81}},"215":{"start":{"line":216,"column":0},"end":{"line":216,"column":14}},"216":{"start":{"line":217,"column":0},"end":{"line":217,"column":15}},"218":{"start":{"line":219,"column":0},"end":{"line":219,"column":55}},"219":{"start":{"line":220,"column":0},"end":{"line":220,"column":57}},"220":{"start":{"line":221,"column":0},"end":{"line":221,"column":47}},"221":{"start":{"line":222,"column":0},"end":{"line":222,"column":40}},"222":{"start":{"line":223,"column":0},"end":{"line":223,"column":107}},"223":{"start":{"line":224,"column":0},"end":{"line":224,"column":17}},"224":{"start":{"line":225,"column":0},"end":{"line":225,"column":21}},"225":{"start":{"line":226,"column":0},"end":{"line":226,"column":13}},"226":{"start":{"line":227,"column":0},"end":{"line":227,"column":14}},"227":{"start":{"line":228,"column":0},"end":{"line":228,"column":31}},"228":{"start":{"line":229,"column":0},"end":{"line":229,"column":64}},"229":{"start":{"line":230,"column":0},"end":{"line":230,"column":40}},"230":{"start":{"line":231,"column":0},"end":{"line":231,"column":97}},"231":{"start":{"line":232,"column":0},"end":{"line":232,"column":74}},"232":{"start":{"line":233,"column":0},"end":{"line":233,"column":31}},"233":{"start":{"line":234,"column":0},"end":{"line":234,"column":120}},"234":{"start":{"line":235,"column":0},"end":{"line":235,"column":69}},"235":{"start":{"line":236,"column":0},"end":{"line":236,"column":86}},"236":{"start":{"line":237,"column":0},"end":{"line":237,"column":164}},"237":{"start":{"line":238,"column":0},"end":{"line":238,"column":69}},"238":{"start":{"line":239,"column":0},"end":{"line":239,"column":119}},"239":{"start":{"line":240,"column":0},"end":{"line":240,"column":94}},"240":{"start":{"line":241,"column":0},"end":{"line":241,"column":129}},"241":{"start":{"line":242,"column":0},"end":{"line":242,"column":56}},"242":{"start":{"line":243,"column":0},"end":{"line":243,"column":30}},"243":{"start":{"line":244,"column":0},"end":{"line":244,"column":32}},"244":{"start":{"line":245,"column":0},"end":{"line":245,"column":23}},"245":{"start":{"line":246,"column":0},"end":{"line":246,"column":24}},"246":{"start":{"line":247,"column":0},"end":{"line":247,"column":25}},"247":{"start":{"line":248,"column":0},"end":{"line":248,"column":19}},"248":{"start":{"line":249,"column":0},"end":{"line":249,"column":15}},"249":{"start":{"line":250,"column":0},"end":{"line":250,"column":15}},"250":{"start":{"line":251,"column":0},"end":{"line":251,"column":17}},"251":{"start":{"line":252,"column":0},"end":{"line":252,"column":41}},"252":{"start":{"line":253,"column":0},"end":{"line":253,"column":16}},"253":{"start":{"line":254,"column":0},"end":{"line":254,"column":23}},"254":{"start":{"line":255,"column":0},"end":{"line":255,"column":28}},"255":{"start":{"line":256,"column":0},"end":{"line":256,"column":57}},"256":{"start":{"line":257,"column":0},"end":{"line":257,"column":72}},"257":{"start":{"line":258,"column":0},"end":{"line":258,"column":177}},"258":{"start":{"line":259,"column":0},"end":{"line":259,"column":31}},"259":{"start":{"line":260,"column":0},"end":{"line":260,"column":65}},"260":{"start":{"line":261,"column":0},"end":{"line":261,"column":14}},"261":{"start":{"line":262,"column":0},"end":{"line":262,"column":12}},"262":{"start":{"line":263,"column":0},"end":{"line":263,"column":132}},"263":{"start":{"line":264,"column":0},"end":{"line":264,"column":47}},"264":{"start":{"line":265,"column":0},"end":{"line":265,"column":19}},"265":{"start":{"line":266,"column":0},"end":{"line":266,"column":14}},"266":{"start":{"line":267,"column":0},"end":{"line":267,"column":16}},"268":{"start":{"line":269,"column":0},"end":{"line":269,"column":40}},"269":{"start":{"line":270,"column":0},"end":{"line":270,"column":74}},"271":{"start":{"line":272,"column":0},"end":{"line":272,"column":12}},"272":{"start":{"line":273,"column":0},"end":{"line":273,"column":34}},"273":{"start":{"line":274,"column":0},"end":{"line":274,"column":57}},"274":{"start":{"line":275,"column":0},"end":{"line":275,"column":17}},"275":{"start":{"line":276,"column":0},"end":{"line":276,"column":24}},"276":{"start":{"line":277,"column":0},"end":{"line":277,"column":34}},"277":{"start":{"line":278,"column":0},"end":{"line":278,"column":30}},"278":{"start":{"line":279,"column":0},"end":{"line":279,"column":39}},"279":{"start":{"line":280,"column":0},"end":{"line":280,"column":43}},"280":{"start":{"line":281,"column":0},"end":{"line":281,"column":37}},"281":{"start":{"line":282,"column":0},"end":{"line":282,"column":14}},"283":{"start":{"line":284,"column":0},"end":{"line":284,"column":55}},"284":{"start":{"line":285,"column":0},"end":{"line":285,"column":50}},"285":{"start":{"line":286,"column":0},"end":{"line":286,"column":46}},"286":{"start":{"line":287,"column":0},"end":{"line":287,"column":22}},"287":{"start":{"line":288,"column":0},"end":{"line":288,"column":23}},"288":{"start":{"line":289,"column":0},"end":{"line":289,"column":15}},"289":{"start":{"line":290,"column":0},"end":{"line":290,"column":19}},"290":{"start":{"line":291,"column":0},"end":{"line":291,"column":14}},"291":{"start":{"line":292,"column":0},"end":{"line":292,"column":34}},"292":{"start":{"line":293,"column":0},"end":{"line":293,"column":67}},"294":{"start":{"line":295,"column":0},"end":{"line":295,"column":18}},"295":{"start":{"line":296,"column":0},"end":{"line":296,"column":19}},"296":{"start":{"line":297,"column":0},"end":{"line":297,"column":23}},"297":{"start":{"line":298,"column":0},"end":{"line":298,"column":26}},"298":{"start":{"line":299,"column":0},"end":{"line":299,"column":55}},"299":{"start":{"line":300,"column":0},"end":{"line":300,"column":130}},"300":{"start":{"line":301,"column":0},"end":{"line":301,"column":12}},"301":{"start":{"line":302,"column":0},"end":{"line":302,"column":14}},"302":{"start":{"line":303,"column":0},"end":{"line":303,"column":41}},"303":{"start":{"line":304,"column":0},"end":{"line":304,"column":21}},"304":{"start":{"line":305,"column":0},"end":{"line":305,"column":70}},"306":{"start":{"line":307,"column":0},"end":{"line":307,"column":19}},"308":{"start":{"line":309,"column":0},"end":{"line":309,"column":97}},"310":{"start":{"line":311,"column":0},"end":{"line":311,"column":21}},"312":{"start":{"line":313,"column":0},"end":{"line":313,"column":67}},"314":{"start":{"line":315,"column":0},"end":{"line":315,"column":17}},"315":{"start":{"line":316,"column":0},"end":{"line":316,"column":29}},"316":{"start":{"line":317,"column":0},"end":{"line":317,"column":93}},"318":{"start":{"line":319,"column":0},"end":{"line":319,"column":21}},"319":{"start":{"line":320,"column":0},"end":{"line":320,"column":19}},"320":{"start":{"line":321,"column":0},"end":{"line":321,"column":17}},"321":{"start":{"line":322,"column":0},"end":{"line":322,"column":39}},"322":{"start":{"line":323,"column":0},"end":{"line":323,"column":25}},"323":{"start":{"line":324,"column":0},"end":{"line":324,"column":48}},"324":{"start":{"line":325,"column":0},"end":{"line":325,"column":37}},"326":{"start":{"line":327,"column":0},"end":{"line":327,"column":59}},"327":{"start":{"line":328,"column":0},"end":{"line":328,"column":19}},"328":{"start":{"line":329,"column":0},"end":{"line":329,"column":14}},"329":{"start":{"line":330,"column":0},"end":{"line":330,"column":20}},"330":{"start":{"line":331,"column":0},"end":{"line":331,"column":80}},"331":{"start":{"line":332,"column":0},"end":{"line":332,"column":142}},"332":{"start":{"line":333,"column":0},"end":{"line":333,"column":177}},"333":{"start":{"line":334,"column":0},"end":{"line":334,"column":18}},"334":{"start":{"line":335,"column":0},"end":{"line":335,"column":142}},"335":{"start":{"line":336,"column":0},"end":{"line":336,"column":66}},"336":{"start":{"line":337,"column":0},"end":{"line":337,"column":19}},"337":{"start":{"line":338,"column":0},"end":{"line":338,"column":16}},"338":{"start":{"line":339,"column":0},"end":{"line":339,"column":17}},"339":{"start":{"line":340,"column":0},"end":{"line":340,"column":16}},"341":{"start":{"line":342,"column":0},"end":{"line":342,"column":31}},"342":{"start":{"line":343,"column":0},"end":{"line":343,"column":44}},"343":{"start":{"line":344,"column":0},"end":{"line":344,"column":51}},"344":{"start":{"line":345,"column":0},"end":{"line":345,"column":17}},"345":{"start":{"line":346,"column":0},"end":{"line":346,"column":55}},"346":{"start":{"line":347,"column":0},"end":{"line":347,"column":70}},"347":{"start":{"line":348,"column":0},"end":{"line":348,"column":18}},"348":{"start":{"line":349,"column":0},"end":{"line":349,"column":48}},"349":{"start":{"line":350,"column":0},"end":{"line":350,"column":103}},"350":{"start":{"line":351,"column":0},"end":{"line":351,"column":97}},"351":{"start":{"line":352,"column":0},"end":{"line":352,"column":100}},"352":{"start":{"line":353,"column":0},"end":{"line":353,"column":101}},"353":{"start":{"line":354,"column":0},"end":{"line":354,"column":18}},"354":{"start":{"line":355,"column":0},"end":{"line":355,"column":16}},"355":{"start":{"line":356,"column":0},"end":{"line":356,"column":114}},"356":{"start":{"line":357,"column":0},"end":{"line":357,"column":43}},"357":{"start":{"line":358,"column":0},"end":{"line":358,"column":17}},"358":{"start":{"line":359,"column":0},"end":{"line":359,"column":39}},"359":{"start":{"line":360,"column":0},"end":{"line":360,"column":37}},"360":{"start":{"line":361,"column":0},"end":{"line":361,"column":18}},"361":{"start":{"line":362,"column":0},"end":{"line":362,"column":17}},"362":{"start":{"line":363,"column":0},"end":{"line":363,"column":38}},"363":{"start":{"line":364,"column":0},"end":{"line":364,"column":40}},"364":{"start":{"line":365,"column":0},"end":{"line":365,"column":18}},"365":{"start":{"line":366,"column":0},"end":{"line":366,"column":17}},"366":{"start":{"line":367,"column":0},"end":{"line":367,"column":42}},"367":{"start":{"line":368,"column":0},"end":{"line":368,"column":42}},"368":{"start":{"line":369,"column":0},"end":{"line":369,"column":18}},"369":{"start":{"line":370,"column":0},"end":{"line":370,"column":16}},"370":{"start":{"line":371,"column":0},"end":{"line":371,"column":84}},"371":{"start":{"line":372,"column":0},"end":{"line":372,"column":66}},"373":{"start":{"line":374,"column":0},"end":{"line":374,"column":19}},"374":{"start":{"line":375,"column":0},"end":{"line":375,"column":70}},"376":{"start":{"line":377,"column":0},"end":{"line":377,"column":19}},"377":{"start":{"line":378,"column":0},"end":{"line":378,"column":69}},"379":{"start":{"line":380,"column":0},"end":{"line":380,"column":19}},"380":{"start":{"line":381,"column":0},"end":{"line":381,"column":16}},"381":{"start":{"line":382,"column":0},"end":{"line":382,"column":65}},"382":{"start":{"line":383,"column":0},"end":{"line":383,"column":36}},"383":{"start":{"line":384,"column":0},"end":{"line":384,"column":52}},"384":{"start":{"line":385,"column":0},"end":{"line":385,"column":115}},"385":{"start":{"line":386,"column":0},"end":{"line":386,"column":18}},"386":{"start":{"line":387,"column":0},"end":{"line":387,"column":36}},"387":{"start":{"line":388,"column":0},"end":{"line":388,"column":51}},"388":{"start":{"line":389,"column":0},"end":{"line":389,"column":81}},"389":{"start":{"line":390,"column":0},"end":{"line":390,"column":18}},"390":{"start":{"line":391,"column":0},"end":{"line":391,"column":36}},"391":{"start":{"line":392,"column":0},"end":{"line":392,"column":53}},"392":{"start":{"line":393,"column":0},"end":{"line":393,"column":74}},"393":{"start":{"line":394,"column":0},"end":{"line":394,"column":124}},"394":{"start":{"line":395,"column":0},"end":{"line":395,"column":20}},"395":{"start":{"line":396,"column":0},"end":{"line":396,"column":18}},"396":{"start":{"line":397,"column":0},"end":{"line":397,"column":36}},"397":{"start":{"line":398,"column":0},"end":{"line":398,"column":45}},"398":{"start":{"line":399,"column":0},"end":{"line":399,"column":77}},"399":{"start":{"line":400,"column":0},"end":{"line":400,"column":18}},"400":{"start":{"line":401,"column":0},"end":{"line":401,"column":16}},"401":{"start":{"line":402,"column":0},"end":{"line":402,"column":18}},"402":{"start":{"line":403,"column":0},"end":{"line":403,"column":15}},"404":{"start":{"line":405,"column":0},"end":{"line":405,"column":17}},"405":{"start":{"line":406,"column":0},"end":{"line":406,"column":30}},"406":{"start":{"line":407,"column":0},"end":{"line":407,"column":36}},"407":{"start":{"line":408,"column":0},"end":{"line":408,"column":105}},"408":{"start":{"line":409,"column":0},"end":{"line":409,"column":21}},"409":{"start":{"line":410,"column":0},"end":{"line":410,"column":25}},"410":{"start":{"line":411,"column":0},"end":{"line":411,"column":93}},"411":{"start":{"line":412,"column":0},"end":{"line":412,"column":29}},"412":{"start":{"line":413,"column":0},"end":{"line":413,"column":55}},"414":{"start":{"line":415,"column":0},"end":{"line":415,"column":100}},"415":{"start":{"line":416,"column":0},"end":{"line":416,"column":23}},"416":{"start":{"line":417,"column":0},"end":{"line":417,"column":15}},"417":{"start":{"line":418,"column":0},"end":{"line":418,"column":16}},"418":{"start":{"line":419,"column":0},"end":{"line":419,"column":46}},"419":{"start":{"line":420,"column":0},"end":{"line":420,"column":14}},"420":{"start":{"line":421,"column":0},"end":{"line":421,"column":33}},"421":{"start":{"line":422,"column":0},"end":{"line":422,"column":18}},"422":{"start":{"line":423,"column":0},"end":{"line":423,"column":97}},"423":{"start":{"line":424,"column":0},"end":{"line":424,"column":46}},"424":{"start":{"line":425,"column":0},"end":{"line":425,"column":84}},"425":{"start":{"line":426,"column":0},"end":{"line":426,"column":24}},"426":{"start":{"line":427,"column":0},"end":{"line":427,"column":19}},"428":{"start":{"line":429,"column":0},"end":{"line":429,"column":45}},"429":{"start":{"line":430,"column":0},"end":{"line":430,"column":75}},"430":{"start":{"line":431,"column":0},"end":{"line":431,"column":22}},"432":{"start":{"line":433,"column":0},"end":{"line":433,"column":15}},"433":{"start":{"line":434,"column":0},"end":{"line":434,"column":19}},"434":{"start":{"line":435,"column":0},"end":{"line":435,"column":45}},"435":{"start":{"line":436,"column":0},"end":{"line":436,"column":45}},"436":{"start":{"line":437,"column":0},"end":{"line":437,"column":19}},"437":{"start":{"line":438,"column":0},"end":{"line":438,"column":44}},"438":{"start":{"line":439,"column":0},"end":{"line":439,"column":55}},"439":{"start":{"line":440,"column":0},"end":{"line":440,"column":45}},"440":{"start":{"line":441,"column":0},"end":{"line":441,"column":63}},"441":{"start":{"line":442,"column":0},"end":{"line":442,"column":34}},"442":{"start":{"line":443,"column":0},"end":{"line":443,"column":82}},"443":{"start":{"line":444,"column":0},"end":{"line":444,"column":76}},"444":{"start":{"line":445,"column":0},"end":{"line":445,"column":27}},"445":{"start":{"line":446,"column":0},"end":{"line":446,"column":23}},"446":{"start":{"line":447,"column":0},"end":{"line":447,"column":23}},"448":{"start":{"line":449,"column":0},"end":{"line":449,"column":76}},"450":{"start":{"line":451,"column":0},"end":{"line":451,"column":20}},"451":{"start":{"line":452,"column":0},"end":{"line":452,"column":19}},"452":{"start":{"line":453,"column":0},"end":{"line":453,"column":37}},"453":{"start":{"line":454,"column":0},"end":{"line":454,"column":98}},"454":{"start":{"line":455,"column":0},"end":{"line":455,"column":60}},"455":{"start":{"line":456,"column":0},"end":{"line":456,"column":45}},"456":{"start":{"line":457,"column":0},"end":{"line":457,"column":65}},"457":{"start":{"line":458,"column":0},"end":{"line":458,"column":28}},"458":{"start":{"line":459,"column":0},"end":{"line":459,"column":19}},"459":{"start":{"line":460,"column":0},"end":{"line":460,"column":20}},"460":{"start":{"line":461,"column":0},"end":{"line":461,"column":18}},"461":{"start":{"line":462,"column":0},"end":{"line":462,"column":19}},"462":{"start":{"line":463,"column":0},"end":{"line":463,"column":43}},"463":{"start":{"line":464,"column":0},"end":{"line":464,"column":14}},"464":{"start":{"line":465,"column":0},"end":{"line":465,"column":37}},"465":{"start":{"line":466,"column":0},"end":{"line":466,"column":48}},"466":{"start":{"line":467,"column":0},"end":{"line":467,"column":63}},"467":{"start":{"line":468,"column":0},"end":{"line":468,"column":56}},"468":{"start":{"line":469,"column":0},"end":{"line":469,"column":79}},"469":{"start":{"line":470,"column":0},"end":{"line":470,"column":21}},"470":{"start":{"line":471,"column":0},"end":{"line":471,"column":21}},"472":{"start":{"line":473,"column":0},"end":{"line":473,"column":69}},"474":{"start":{"line":475,"column":0},"end":{"line":475,"column":15}},"475":{"start":{"line":476,"column":0},"end":{"line":476,"column":19}},"476":{"start":{"line":477,"column":0},"end":{"line":477,"column":51}},"477":{"start":{"line":478,"column":0},"end":{"line":478,"column":41}},"478":{"start":{"line":479,"column":0},"end":{"line":479,"column":71}},"479":{"start":{"line":480,"column":0},"end":{"line":480,"column":18}},"480":{"start":{"line":481,"column":0},"end":{"line":481,"column":19}},"481":{"start":{"line":482,"column":0},"end":{"line":482,"column":46}},"482":{"start":{"line":483,"column":0},"end":{"line":483,"column":33}},"483":{"start":{"line":484,"column":0},"end":{"line":484,"column":44}},"484":{"start":{"line":485,"column":0},"end":{"line":485,"column":39}},"485":{"start":{"line":486,"column":0},"end":{"line":486,"column":43}},"486":{"start":{"line":487,"column":0},"end":{"line":487,"column":14}},"487":{"start":{"line":488,"column":0},"end":{"line":488,"column":19}},"488":{"start":{"line":489,"column":0},"end":{"line":489,"column":14}},"489":{"start":{"line":490,"column":0},"end":{"line":490,"column":15}},"491":{"start":{"line":492,"column":0},"end":{"line":492,"column":73}},"492":{"start":{"line":493,"column":0},"end":{"line":493,"column":29}},"493":{"start":{"line":494,"column":0},"end":{"line":494,"column":40}},"494":{"start":{"line":495,"column":0},"end":{"line":495,"column":35}},"495":{"start":{"line":496,"column":0},"end":{"line":496,"column":39}},"496":{"start":{"line":497,"column":0},"end":{"line":497,"column":17}},"497":{"start":{"line":498,"column":0},"end":{"line":498,"column":10}},"498":{"start":{"line":499,"column":0},"end":{"line":499,"column":15}},"500":{"start":{"line":501,"column":0},"end":{"line":501,"column":22}},"501":{"start":{"line":502,"column":0},"end":{"line":502,"column":30}},"502":{"start":{"line":503,"column":0},"end":{"line":503,"column":32}},"503":{"start":{"line":504,"column":0},"end":{"line":504,"column":81}},"504":{"start":{"line":505,"column":0},"end":{"line":505,"column":50}},"505":{"start":{"line":506,"column":0},"end":{"line":506,"column":16}},"506":{"start":{"line":507,"column":0},"end":{"line":507,"column":14}},"507":{"start":{"line":508,"column":0},"end":{"line":508,"column":15}},"509":{"start":{"line":510,"column":0},"end":{"line":510,"column":40}},"510":{"start":{"line":511,"column":0},"end":{"line":511,"column":104}},"511":{"start":{"line":512,"column":0},"end":{"line":512,"column":104}},"512":{"start":{"line":513,"column":0},"end":{"line":513,"column":69}},"513":{"start":{"line":514,"column":0},"end":{"line":514,"column":33}},"514":{"start":{"line":515,"column":0},"end":{"line":515,"column":29}},"515":{"start":{"line":516,"column":0},"end":{"line":516,"column":65}},"516":{"start":{"line":517,"column":0},"end":{"line":517,"column":19}},"517":{"start":{"line":518,"column":0},"end":{"line":518,"column":15}},"518":{"start":{"line":519,"column":0},"end":{"line":519,"column":15}},"519":{"start":{"line":520,"column":0},"end":{"line":520,"column":42}},"520":{"start":{"line":521,"column":0},"end":{"line":521,"column":38}},"521":{"start":{"line":522,"column":0},"end":{"line":522,"column":60}},"522":{"start":{"line":523,"column":0},"end":{"line":523,"column":107}},"523":{"start":{"line":524,"column":0},"end":{"line":524,"column":18}},"524":{"start":{"line":525,"column":0},"end":{"line":525,"column":38}},"525":{"start":{"line":526,"column":0},"end":{"line":526,"column":49}},"526":{"start":{"line":527,"column":0},"end":{"line":527,"column":124}},"527":{"start":{"line":528,"column":0},"end":{"line":528,"column":18}},"528":{"start":{"line":529,"column":0},"end":{"line":529,"column":79}},"530":{"start":{"line":531,"column":0},"end":{"line":531,"column":21}},"531":{"start":{"line":532,"column":0},"end":{"line":532,"column":17}},"532":{"start":{"line":533,"column":0},"end":{"line":533,"column":28}},"533":{"start":{"line":534,"column":0},"end":{"line":534,"column":129}},"535":{"start":{"line":536,"column":0},"end":{"line":536,"column":21}},"536":{"start":{"line":537,"column":0},"end":{"line":537,"column":19}},"537":{"start":{"line":538,"column":0},"end":{"line":538,"column":18}},"538":{"start":{"line":539,"column":0},"end":{"line":539,"column":15}},"539":{"start":{"line":540,"column":0},"end":{"line":540,"column":10}},"541":{"start":{"line":542,"column":0},"end":{"line":542,"column":1}}},"s":{"0":0,"38":0,"39":0,"40":0,"42":0,"43":0,"44":0,"45":0,"46":0,"47":0,"48":0,"49":0,"50":0,"51":0,"52":0,"53":0,"54":0,"55":0,"56":0,"57":0,"58":0,"59":0,"60":0,"61":0,"62":0,"63":0,"65":0,"67":0,"68":0,"69":0,"70":0,"71":0,"72":0,"73":0,"74":0,"75":0,"76":0,"77":0,"78":0,"79":0,"80":0,"81":0,"82":0,"83":0,"84":0,"85":0,"86":0,"87":0,"88":0,"90":0,"91":0,"93":0,"94":0,"95":0,"103":0,"104":0,"105":0,"106":0,"107":0,"108":0,"109":0,"110":0,"112":0,"114":0,"115":0,"116":0,"117":0,"118":0,"119":0,"120":0,"121":0,"123":0,"124":0,"125":0,"126":0,"127":0,"128":0,"129":0,"130":0,"132":0,"133":0,"134":0,"135":0,"136":0,"137":0,"138":0,"139":0,"140":0,"141":0,"142":0,"143":0,"144":0,"145":0,"146":0,"147":0,"148":0,"149":0,"150":0,"151":0,"153":0,"154":0,"155":0,"156":0,"157":0,"158":0,"159":0,"160":0,"161":0,"162":0,"163":0,"164":0,"165":0,"166":0,"167":0,"168":0,"169":0,"170":0,"171":0,"173":0,"174":0,"175":0,"176":0,"177":0,"178":0,"179":0,"180":0,"182":0,"183":0,"184":0,"185":0,"186":0,"187":0,"188":0,"189":0,"190":0,"192":0,"193":0,"195":0,"196":0,"197":0,"198":0,"199":0,"200":0,"202":0,"203":0,"205":0,"206":0,"207":0,"208":0,"209":0,"211":0,"212":0,"213":0,"214":0,"215":0,"216":0,"218":0,"219":0,"220":0,"221":0,"222":0,"223":0,"224":0,"225":0,"226":0,"227":0,"228":0,"229":0,"230":0,"231":0,"232":0,"233":0,"234":0,"235":0,"236":0,"237":0,"238":0,"239":0,"240":0,"241":0,"242":0,"243":0,"244":0,"245":0,"246":0,"247":0,"248":0,"249":0,"250":0,"251":0,"252":0,"253":0,"254":0,"255":0,"256":0,"257":0,"258":0,"259":0,"260":0,"261":0,"262":0,"263":0,"264":0,"265":0,"266":0,"268":0,"269":0,"271":0,"272":0,"273":0,"274":0,"275":0,"276":0,"277":0,"278":0,"279":0,"280":0,"281":0,"283":0,"284":0,"285":0,"286":0,"287":0,"288":0,"289":0,"290":0,"291":0,"292":0,"294":0,"295":0,"296":0,"297":0,"298":0,"299":0,"300":0,"301":0,"302":0,"303":0,"304":0,"306":0,"308":0,"310":0,"312":0,"314":0,"315":0,"316":0,"318":0,"319":0,"320":0,"321":0,"322":0,"323":0,"324":0,"326":0,"327":0,"328":0,"329":0,"330":0,"331":0,"332":0,"333":0,"334":0,"335":0,"336":0,"337":0,"338":0,"339":0,"341":0,"342":0,"343":0,"344":0,"345":0,"346":0,"347":0,"348":0,"349":0,"350":0,"351":0,"352":0,"353":0,"354":0,"355":0,"356":0,"357":0,"358":0,"359":0,"360":0,"361":0,"362":0,"363":0,"364":0,"365":0,"366":0,"367":0,"368":0,"369":0,"370":0,"371":0,"373":0,"374":0,"376":0,"377":0,"379":0,"380":0,"381":0,"382":0,"383":0,"384":0,"385":0,"386":0,"387":0,"388":0,"389":0,"390":0,"391":0,"392":0,"393":0,"394":0,"395":0,"396":0,"397":0,"398":0,"399":0,"400":0,"401":0,"402":0,"404":0,"405":0,"406":0,"407":0,"408":0,"409":0,"410":0,"411":0,"412":0,"414":0,"415":0,"416":0,"417":0,"418":0,"419":0,"420":0,"421":0,"422":0,"423":0,"424":0,"425":0,"426":0,"428":0,"429":0,"430":0,"432":0,"433":0,"434":0,"435":0,"436":0,"437":0,"438":0,"439":0,"440":0,"441":0,"442":0,"443":0,"444":0,"445":0,"446":0,"448":0,"450":0,"451":0,"452":0,"453":0,"454":0,"455":0,"456":0,"457":0,"458":0,"459":0,"460":0,"461":0,"462":0,"463":0,"464":0,"465":0,"466":0,"467":0,"468":0,"469":0,"470":0,"472":0,"474":0,"475":0,"476":0,"477":0,"478":0,"479":0,"480":0,"481":0,"482":0,"483":0,"484":0,"485":0,"486":0,"487":0,"488":0,"489":0,"491":0,"492":0,"493":0,"494":0,"495":0,"496":0,"497":0,"498":0,"500":0,"501":0,"502":0,"503":0,"504":0,"505":0,"506":0,"507":0,"509":0,"510":0,"511":0,"512":0,"513":0,"514":0,"515":0,"516":0,"517":0,"518":0,"519":0,"520":0,"521":0,"522":0,"523":0,"524":0,"525":0,"526":0,"527":0,"528":0,"530":0,"531":0,"532":0,"533":0,"535":0,"536":0,"537":0,"538":0,"539":0,"541":0},"branchMap":{"0":{"type":"branch","line":1,"loc":{"start":{"line":1,"column":0},"end":{"line":542,"column":-9261}},"locations":[{"start":{"line":1,"column":0},"end":{"line":542,"column":-9261}}]}},"b":{"0":[0]},"fnMap":{"0":{"name":"(empty-report)","decl":{"start":{"line":1,"column":0},"end":{"line":542,"column":-9261}},"loc":{"start":{"line":1,"column":0},"end":{"line":542,"column":-9261}},"line":1}},"f":{"0":0}}
,"D:\\AAF_AppTestify\\frontend\\src\\agentLabels.ts": {"path":"D:\\AAF_AppTestify\\frontend\\src\\agentLabels.ts","all":false,"statementMap":{"2":{"start":{"line":3,"column":0},"end":{"line":3,"column":40}},"3":{"start":{"line":4,"column":0},"end":{"line":4,"column":19}},"4":{"start":{"line":5,"column":0},"end":{"line":5,"column":27}},"5":{"start":{"line":6,"column":0},"end":{"line":6,"column":19}},"6":{"start":{"line":7,"column":0},"end":{"line":7,"column":22}},"7":{"start":{"line":8,"column":0},"end":{"line":8,"column":19}},"8":{"start":{"line":9,"column":0},"end":{"line":9,"column":24}},"9":{"start":{"line":10,"column":0},"end":{"line":10,"column":16}},"10":{"start":{"line":11,"column":0},"end":{"line":11,"column":24}},"11":{"start":{"line":12,"column":0},"end":{"line":12,"column":27}},"12":{"start":{"line":13,"column":0},"end":{"line":13,"column":26}},"13":{"start":{"line":14,"column":0},"end":{"line":14,"column":2}},"15":{"start":{"line":16,"column":0},"end":{"line":16,"column":92}},"16":{"start":{"line":17,"column":0},"end":{"line":17,"column":63}},"17":{"start":{"line":18,"column":0},"end":{"line":18,"column":48}},"18":{"start":{"line":19,"column":0},"end":{"line":19,"column":1}},"29":{"start":{"line":30,"column":0},"end":{"line":30,"column":106}},"30":{"start":{"line":31,"column":0},"end":{"line":31,"column":37}},"31":{"start":{"line":32,"column":0},"end":{"line":32,"column":37}},"32":{"start":{"line":33,"column":0},"end":{"line":33,"column":12}},"33":{"start":{"line":34,"column":0},"end":{"line":34,"column":92}},"34":{"start":{"line":35,"column":0},"end":{"line":35,"column":20}},"35":{"start":{"line":36,"column":0},"end":{"line":36,"column":54}},"36":{"start":{"line":37,"column":0},"end":{"line":37,"column":49}},"37":{"start":{"line":38,"column":0},"end":{"line":38,"column":47}},"38":{"start":{"line":39,"column":0},"end":{"line":39,"column":46}},"39":{"start":{"line":40,"column":0},"end":{"line":40,"column":41}},"40":{"start":{"line":41,"column":0},"end":{"line":41,"column":20}},"41":{"start":{"line":42,"column":0},"end":{"line":42,"column":66}},"42":{"start":{"line":43,"column":0},"end":{"line":43,"column":58}},"43":{"start":{"line":44,"column":0},"end":{"line":44,"column":22}},"44":{"start":{"line":45,"column":0},"end":{"line":45,"column":8}},"45":{"start":{"line":46,"column":0},"end":{"line":46,"column":1}}},"s":{"2":1,"3":1,"4":1,"5":1,"6":1,"7":1,"8":1,"9":1,"10":1,"11":1,"12":1,"13":1,"15":1,"16":1,"17":1,"18":1,"29":1,"30":0,"31":0,"32":0,"33":0,"34":0,"35":0,"36":0,"37":0,"38":0,"39":0,"40":0,"41":0,"42":0,"43":0,"44":0,"45":0},"branchMap":{"0":{"type":"branch","line":16,"loc":{"start":{"line":16,"column":7},"end":{"line":19,"column":1}},"locations":[{"start":{"line":16,"column":7},"end":{"line":19,"column":1}}]},"1":{"type":"branch","line":17,"loc":{"start":{"line":17,"column":6},"end":{"line":17,"column":38}},"locations":[{"start":{"line":17,"column":6},"end":{"line":17,"column":38}}]},"2":{"type":"branch","line":17,"loc":{"start":{"line":17,"column":38},"end":{"line":17,"column":63}},"locations":[{"start":{"line":17,"column":38},"end":{"line":17,"column":63}}]},"3":{"type":"branch","line":18,"loc":{"start":{"line":18,"column":29},"end":{"line":18,"column":48}},"locations":[{"start":{"line":18,"column":29},"end":{"line":18,"column":48}}]}},"b":{"0":[1],"1":[0],"2":[0],"3":[0]},"fnMap":{"0":{"name":"formatAgentLabel","decl":{"start":{"line":16,"column":7},"end":{"line":19,"column":1}},"loc":{"start":{"line":16,"column":7},"end":{"line":19,"column":1}},"line":16},"1":{"name":"parseIncidentFindings","decl":{"start":{"line":30,"column":7},"end":{"line":46,"column":1}},"loc":{"start":{"line":30,"column":7},"end":{"line":46,"column":1}},"line":30}},"f":{"0":1,"1":0}}
,"D:\\AAF_AppTestify\\frontend\\src\\api.ts": {"path":"D:\\AAF_AppTestify\\frontend\\src\\api.ts","all":true,"statementMap":{"0":{"start":{"line":1,"column":0},"end":{"line":1,"column":22}},"2":{"start":{"line":3,"column":0},"end":{"line":3,"column":51}},"4":{"start":{"line":5,"column":0},"end":{"line":5,"column":35}},"5":{"start":{"line":6,"column":0},"end":{"line":6,"column":45}},"6":{"start":{"line":7,"column":0},"end":{"line":7,"column":73}},"7":{"start":{"line":8,"column":0},"end":{"line":8,"column":52}},"9":{"start":{"line":10,"column":0},"end":{"line":10,"column":49}},"11":{"start":{"line":12,"column":0},"end":{"line":12,"column":6}},"12":{"start":{"line":13,"column":0},"end":{"line":13,"column":30}},"13":{"start":{"line":14,"column":0},"end":{"line":14,"column":15}},"14":{"start":{"line":15,"column":0},"end":{"line":15,"column":35}},"15":{"start":{"line":16,"column":0},"end":{"line":16,"column":37}},"16":{"start":{"line":17,"column":0},"end":{"line":17,"column":43}},"17":{"start":{"line":18,"column":0},"end":{"line":18,"column":43}},"18":{"start":{"line":19,"column":0},"end":{"line":19,"column":33}},"19":{"start":{"line":20,"column":0},"end":{"line":20,"column":5}},"20":{"start":{"line":21,"column":0},"end":{"line":21,"column":26}},"21":{"start":{"line":22,"column":0},"end":{"line":22,"column":37}},"22":{"start":{"line":23,"column":0},"end":{"line":23,"column":13}},"23":{"start":{"line":24,"column":0},"end":{"line":24,"column":73}},"24":{"start":{"line":25,"column":0},"end":{"line":25,"column":27}},"25":{"start":{"line":26,"column":0},"end":{"line":26,"column":35}},"26":{"start":{"line":27,"column":0},"end":{"line":27,"column":60}},"27":{"start":{"line":28,"column":0},"end":{"line":28,"column":13}},"28":{"start":{"line":29,"column":0},"end":{"line":29,"column":30}},"29":{"start":{"line":30,"column":0},"end":{"line":30,"column":24}},"30":{"start":{"line":31,"column":0},"end":{"line":31,"column":11}},"31":{"start":{"line":32,"column":0},"end":{"line":32,"column":23}},"32":{"start":{"line":33,"column":0},"end":{"line":33,"column":54}},"33":{"start":{"line":34,"column":0},"end":{"line":34,"column":9}},"34":{"start":{"line":35,"column":0},"end":{"line":35,"column":21}},"35":{"start":{"line":36,"column":0},"end":{"line":36,"column":11}},"36":{"start":{"line":37,"column":0},"end":{"line":37,"column":5}},"38":{"start":{"line":39,"column":0},"end":{"line":39,"column":45}},"39":{"start":{"line":40,"column":0},"end":{"line":40,"column":26}},"41":{"start":{"line":42,"column":0},"end":{"line":42,"column":22}},"42":{"start":{"line":43,"column":0},"end":{"line":43,"column":75}},"43":{"start":{"line":44,"column":0},"end":{"line":44,"column":45}},"44":{"start":{"line":45,"column":0},"end":{"line":45,"column":5}},"45":{"start":{"line":46,"column":0},"end":{"line":46,"column":3}},"47":{"start":{"line":48,"column":0},"end":{"line":48,"column":18}},"48":{"start":{"line":49,"column":0},"end":{"line":49,"column":2}},"66":{"start":{"line":67,"column":0},"end":{"line":67,"column":59}},"67":{"start":{"line":68,"column":0},"end":{"line":68,"column":7}},"68":{"start":{"line":69,"column":0},"end":{"line":69,"column":34}},"69":{"start":{"line":70,"column":0},"end":{"line":70,"column":60}},"70":{"start":{"line":71,"column":0},"end":{"line":71,"column":37}},"71":{"start":{"line":72,"column":0},"end":{"line":72,"column":93}},"72":{"start":{"line":73,"column":0},"end":{"line":73,"column":5}},"73":{"start":{"line":74,"column":0},"end":{"line":74,"column":26}},"74":{"start":{"line":75,"column":0},"end":{"line":75,"column":11}},"75":{"start":{"line":76,"column":0},"end":{"line":76,"column":26}},"76":{"start":{"line":77,"column":0},"end":{"line":77,"column":3}},"77":{"start":{"line":78,"column":0},"end":{"line":78,"column":1}},"83":{"start":{"line":84,"column":0},"end":{"line":84,"column":66}},"84":{"start":{"line":85,"column":0},"end":{"line":85,"column":81}},"85":{"start":{"line":86,"column":0},"end":{"line":86,"column":50}},"86":{"start":{"line":87,"column":0},"end":{"line":87,"column":43}},"87":{"start":{"line":88,"column":0},"end":{"line":88,"column":1}},"109":{"start":{"line":110,"column":0},"end":{"line":110,"column":84}},"110":{"start":{"line":111,"column":0},"end":{"line":111,"column":78}},"111":{"start":{"line":112,"column":0},"end":{"line":112,"column":19}},"112":{"start":{"line":113,"column":0},"end":{"line":113,"column":52}},"113":{"start":{"line":114,"column":0},"end":{"line":114,"column":33}},"114":{"start":{"line":115,"column":0},"end":{"line":115,"column":50}},"115":{"start":{"line":116,"column":0},"end":{"line":116,"column":44}},"116":{"start":{"line":117,"column":0},"end":{"line":117,"column":1}},"118":{"start":{"line":119,"column":0},"end":{"line":119,"column":53}},"124":{"start":{"line":125,"column":0},"end":{"line":125,"column":25}},"125":{"start":{"line":126,"column":0},"end":{"line":126,"column":80}},"126":{"start":{"line":127,"column":0},"end":{"line":127,"column":19}},"127":{"start":{"line":128,"column":0},"end":{"line":128,"column":52}},"128":{"start":{"line":129,"column":0},"end":{"line":129,"column":33}},"129":{"start":{"line":130,"column":0},"end":{"line":130,"column":50}},"130":{"start":{"line":131,"column":0},"end":{"line":131,"column":41}},"131":{"start":{"line":132,"column":0},"end":{"line":132,"column":1}},"133":{"start":{"line":134,"column":0},"end":{"line":134,"column":59}},"134":{"start":{"line":135,"column":0},"end":{"line":135,"column":67}},"135":{"start":{"line":136,"column":0},"end":{"line":136,"column":50}},"136":{"start":{"line":137,"column":0},"end":{"line":137,"column":43}},"137":{"start":{"line":138,"column":0},"end":{"line":138,"column":1}},"139":{"start":{"line":140,"column":0},"end":{"line":140,"column":42}},"140":{"start":{"line":141,"column":0},"end":{"line":141,"column":17}},"141":{"start":{"line":142,"column":0},"end":{"line":142,"column":52}},"142":{"start":{"line":143,"column":0},"end":{"line":143,"column":24}},"143":{"start":{"line":144,"column":0},"end":{"line":144,"column":83}},"144":{"start":{"line":145,"column":0},"end":{"line":145,"column":19}},"145":{"start":{"line":146,"column":0},"end":{"line":146,"column":14}},"146":{"start":{"line":147,"column":0},"end":{"line":147,"column":42}},"147":{"start":{"line":148,"column":0},"end":{"line":148,"column":33}},"148":{"start":{"line":149,"column":0},"end":{"line":149,"column":50}},"149":{"start":{"line":150,"column":0},"end":{"line":150,"column":41}},"150":{"start":{"line":151,"column":0},"end":{"line":151,"column":1}},"152":{"start":{"line":153,"column":0},"end":{"line":153,"column":47}},"153":{"start":{"line":154,"column":0},"end":{"line":154,"column":80}},"154":{"start":{"line":155,"column":0},"end":{"line":155,"column":1}},"156":{"start":{"line":157,"column":0},"end":{"line":157,"column":86}},"157":{"start":{"line":158,"column":0},"end":{"line":158,"column":70}},"158":{"start":{"line":159,"column":0},"end":{"line":159,"column":19}},"159":{"start":{"line":160,"column":0},"end":{"line":160,"column":52}},"160":{"start":{"line":161,"column":0},"end":{"line":161,"column":48}},"161":{"start":{"line":162,"column":0},"end":{"line":162,"column":50}},"162":{"start":{"line":163,"column":0},"end":{"line":163,"column":44}},"163":{"start":{"line":164,"column":0},"end":{"line":164,"column":1}},"165":{"start":{"line":166,"column":0},"end":{"line":166,"column":54}},"166":{"start":{"line":167,"column":0},"end":{"line":167,"column":69}},"167":{"start":{"line":168,"column":0},"end":{"line":168,"column":50}},"168":{"start":{"line":169,"column":0},"end":{"line":169,"column":41}},"169":{"start":{"line":170,"column":0},"end":{"line":170,"column":1}},"179":{"start":{"line":180,"column":0},"end":{"line":180,"column":60}},"180":{"start":{"line":181,"column":0},"end":{"line":181,"column":75}},"181":{"start":{"line":182,"column":0},"end":{"line":182,"column":50}},"182":{"start":{"line":183,"column":0},"end":{"line":183,"column":42}},"183":{"start":{"line":184,"column":0},"end":{"line":184,"column":1}},"185":{"start":{"line":186,"column":0},"end":{"line":186,"column":35}},"186":{"start":{"line":187,"column":0},"end":{"line":187,"column":38}},"187":{"start":{"line":188,"column":0},"end":{"line":188,"column":23}},"188":{"start":{"line":189,"column":0},"end":{"line":189,"column":73}},"189":{"start":{"line":190,"column":0},"end":{"line":190,"column":19}},"190":{"start":{"line":191,"column":0},"end":{"line":191,"column":14}},"191":{"start":{"line":192,"column":0},"end":{"line":192,"column":42}},"192":{"start":{"line":193,"column":0},"end":{"line":193,"column":33}},"193":{"start":{"line":194,"column":0},"end":{"line":194,"column":50}},"194":{"start":{"line":195,"column":0},"end":{"line":195,"column":40}},"195":{"start":{"line":196,"column":0},"end":{"line":196,"column":1}},"201":{"start":{"line":202,"column":0},"end":{"line":202,"column":68}},"202":{"start":{"line":203,"column":0},"end":{"line":203,"column":78}},"203":{"start":{"line":204,"column":0},"end":{"line":204,"column":50}},"204":{"start":{"line":205,"column":0},"end":{"line":205,"column":44}},"205":{"start":{"line":206,"column":0},"end":{"line":206,"column":1}},"345":{"start":{"line":346,"column":0},"end":{"line":346,"column":36}},"346":{"start":{"line":347,"column":0},"end":{"line":347,"column":17}},"347":{"start":{"line":348,"column":0},"end":{"line":348,"column":27}},"348":{"start":{"line":349,"column":0},"end":{"line":349,"column":28}},"349":{"start":{"line":350,"column":0},"end":{"line":350,"column":33}},"350":{"start":{"line":351,"column":0},"end":{"line":351,"column":79}},"351":{"start":{"line":352,"column":0},"end":{"line":352,"column":78}},"352":{"start":{"line":353,"column":0},"end":{"line":353,"column":19}},"353":{"start":{"line":354,"column":0},"end":{"line":354,"column":14}},"354":{"start":{"line":355,"column":0},"end":{"line":355,"column":42}},"355":{"start":{"line":356,"column":0},"end":{"line":356,"column":68}},"356":{"start":{"line":357,"column":0},"end":{"line":357,"column":50}},"357":{"start":{"line":358,"column":0},"end":{"line":358,"column":50}},"358":{"start":{"line":359,"column":0},"end":{"line":359,"column":1}},"360":{"start":{"line":361,"column":0},"end":{"line":361,"column":88}},"361":{"start":{"line":362,"column":0},"end":{"line":362,"column":79}},"362":{"start":{"line":363,"column":0},"end":{"line":363,"column":80}},"363":{"start":{"line":364,"column":0},"end":{"line":364,"column":21}},"364":{"start":{"line":365,"column":0},"end":{"line":365,"column":50}},"365":{"start":{"line":366,"column":0},"end":{"line":366,"column":18}},"366":{"start":{"line":367,"column":0},"end":{"line":367,"column":1}},"418":{"start":{"line":419,"column":0},"end":{"line":419,"column":58}},"419":{"start":{"line":420,"column":0},"end":{"line":420,"column":29}},"420":{"start":{"line":421,"column":0},"end":{"line":421,"column":58}},"421":{"start":{"line":422,"column":0},"end":{"line":422,"column":1}},"423":{"start":{"line":424,"column":0},"end":{"line":424,"column":96}},"424":{"start":{"line":425,"column":0},"end":{"line":425,"column":103}},"425":{"start":{"line":426,"column":0},"end":{"line":426,"column":50}},"426":{"start":{"line":427,"column":0},"end":{"line":427,"column":45}},"427":{"start":{"line":428,"column":0},"end":{"line":428,"column":1}},"429":{"start":{"line":430,"column":0},"end":{"line":430,"column":42}},"430":{"start":{"line":431,"column":0},"end":{"line":431,"column":28}},"431":{"start":{"line":432,"column":0},"end":{"line":432,"column":28}},"432":{"start":{"line":433,"column":0},"end":{"line":433,"column":28}},"433":{"start":{"line":434,"column":0},"end":{"line":434,"column":101}},"434":{"start":{"line":435,"column":0},"end":{"line":435,"column":20}},"435":{"start":{"line":436,"column":0},"end":{"line":436,"column":14}},"436":{"start":{"line":437,"column":0},"end":{"line":437,"column":42}},"437":{"start":{"line":438,"column":0},"end":{"line":438,"column":33}},"438":{"start":{"line":439,"column":0},"end":{"line":439,"column":50}},"439":{"start":{"line":440,"column":0},"end":{"line":440,"column":45}},"440":{"start":{"line":441,"column":0},"end":{"line":441,"column":1}},"442":{"start":{"line":443,"column":0},"end":{"line":443,"column":101}},"443":{"start":{"line":444,"column":0},"end":{"line":444,"column":105}},"444":{"start":{"line":445,"column":0},"end":{"line":445,"column":50}},"445":{"start":{"line":446,"column":0},"end":{"line":446,"column":48}},"446":{"start":{"line":447,"column":0},"end":{"line":447,"column":1}},"448":{"start":{"line":449,"column":0},"end":{"line":449,"column":43}},"449":{"start":{"line":450,"column":0},"end":{"line":450,"column":132}},"450":{"start":{"line":451,"column":0},"end":{"line":451,"column":28}},"451":{"start":{"line":452,"column":0},"end":{"line":452,"column":31}},"452":{"start":{"line":453,"column":0},"end":{"line":453,"column":103}},"453":{"start":{"line":454,"column":0},"end":{"line":454,"column":18}},"454":{"start":{"line":455,"column":0},"end":{"line":455,"column":14}},"455":{"start":{"line":456,"column":0},"end":{"line":456,"column":42}},"456":{"start":{"line":457,"column":0},"end":{"line":457,"column":43}},"457":{"start":{"line":458,"column":0},"end":{"line":458,"column":50}},"458":{"start":{"line":459,"column":0},"end":{"line":459,"column":48}},"459":{"start":{"line":460,"column":0},"end":{"line":460,"column":1}},"461":{"start":{"line":462,"column":0},"end":{"line":462,"column":46}},"462":{"start":{"line":463,"column":0},"end":{"line":463,"column":24}},"463":{"start":{"line":464,"column":0},"end":{"line":464,"column":28}},"464":{"start":{"line":465,"column":0},"end":{"line":465,"column":29}},"465":{"start":{"line":466,"column":0},"end":{"line":466,"column":149}},"466":{"start":{"line":467,"column":0},"end":{"line":467,"column":21}},"467":{"start":{"line":468,"column":0},"end":{"line":468,"column":50}},"468":{"start":{"line":469,"column":0},"end":{"line":469,"column":46}},"469":{"start":{"line":470,"column":0},"end":{"line":470,"column":1}},"471":{"start":{"line":472,"column":0},"end":{"line":472,"column":97}},"472":{"start":{"line":473,"column":0},"end":{"line":473,"column":107}},"473":{"start":{"line":474,"column":0},"end":{"line":474,"column":50}},"474":{"start":{"line":475,"column":0},"end":{"line":475,"column":45}},"475":{"start":{"line":476,"column":0},"end":{"line":476,"column":1}},"477":{"start":{"line":478,"column":0},"end":{"line":478,"column":42}},"478":{"start":{"line":479,"column":0},"end":{"line":479,"column":9}},"496":{"start":{"line":497,"column":0},"end":{"line":497,"column":28}},"497":{"start":{"line":498,"column":0},"end":{"line":498,"column":28}},"498":{"start":{"line":499,"column":0},"end":{"line":499,"column":105}},"499":{"start":{"line":500,"column":0},"end":{"line":500,"column":18}},"500":{"start":{"line":501,"column":0},"end":{"line":501,"column":14}},"501":{"start":{"line":502,"column":0},"end":{"line":502,"column":42}},"502":{"start":{"line":503,"column":0},"end":{"line":503,"column":33}},"503":{"start":{"line":504,"column":0},"end":{"line":504,"column":50}},"504":{"start":{"line":505,"column":0},"end":{"line":505,"column":45}},"505":{"start":{"line":506,"column":0},"end":{"line":506,"column":1}},"507":{"start":{"line":508,"column":0},"end":{"line":508,"column":45}},"508":{"start":{"line":509,"column":0},"end":{"line":509,"column":23}},"509":{"start":{"line":510,"column":0},"end":{"line":510,"column":28}},"510":{"start":{"line":511,"column":0},"end":{"line":511,"column":28}},"511":{"start":{"line":512,"column":0},"end":{"line":512,"column":24}},"512":{"start":{"line":513,"column":0},"end":{"line":513,"column":104}},"513":{"start":{"line":514,"column":0},"end":{"line":514,"column":5}},"514":{"start":{"line":515,"column":0},"end":{"line":515,"column":21}},"515":{"start":{"line":516,"column":0},"end":{"line":516,"column":29}},"516":{"start":{"line":517,"column":0},"end":{"line":517,"column":5}},"517":{"start":{"line":518,"column":0},"end":{"line":518,"column":4}},"518":{"start":{"line":519,"column":0},"end":{"line":519,"column":50}},"519":{"start":{"line":520,"column":0},"end":{"line":520,"column":45}},"520":{"start":{"line":521,"column":0},"end":{"line":521,"column":1}},"611":{"start":{"line":612,"column":0},"end":{"line":612,"column":74}},"612":{"start":{"line":613,"column":0},"end":{"line":613,"column":79}},"613":{"start":{"line":614,"column":0},"end":{"line":614,"column":50}},"614":{"start":{"line":615,"column":0},"end":{"line":615,"column":47}},"615":{"start":{"line":616,"column":0},"end":{"line":616,"column":1}},"627":{"start":{"line":628,"column":0},"end":{"line":628,"column":78}},"628":{"start":{"line":629,"column":0},"end":{"line":629,"column":101}},"629":{"start":{"line":630,"column":0},"end":{"line":630,"column":50}},"630":{"start":{"line":631,"column":0},"end":{"line":631,"column":45}},"631":{"start":{"line":632,"column":0},"end":{"line":632,"column":1}},"691":{"start":{"line":692,"column":0},"end":{"line":692,"column":101}},"692":{"start":{"line":693,"column":0},"end":{"line":693,"column":125}},"693":{"start":{"line":694,"column":0},"end":{"line":694,"column":50}},"694":{"start":{"line":695,"column":0},"end":{"line":695,"column":51}},"695":{"start":{"line":696,"column":0},"end":{"line":696,"column":1}},"741":{"start":{"line":742,"column":0},"end":{"line":742,"column":76}},"742":{"start":{"line":743,"column":0},"end":{"line":743,"column":90}},"743":{"start":{"line":744,"column":0},"end":{"line":744,"column":50}},"744":{"start":{"line":745,"column":0},"end":{"line":745,"column":48}},"745":{"start":{"line":746,"column":0},"end":{"line":746,"column":1}},"816":{"start":{"line":817,"column":0},"end":{"line":817,"column":95}},"817":{"start":{"line":818,"column":0},"end":{"line":818,"column":99}},"818":{"start":{"line":819,"column":0},"end":{"line":819,"column":50}},"819":{"start":{"line":820,"column":0},"end":{"line":820,"column":53}},"820":{"start":{"line":821,"column":0},"end":{"line":821,"column":1}},"822":{"start":{"line":823,"column":0},"end":{"line":823,"column":74}},"823":{"start":{"line":824,"column":0},"end":{"line":824,"column":92}},"824":{"start":{"line":825,"column":0},"end":{"line":825,"column":50}},"825":{"start":{"line":826,"column":0},"end":{"line":826,"column":47}},"826":{"start":{"line":827,"column":0},"end":{"line":827,"column":1}},"828":{"start":{"line":829,"column":0},"end":{"line":829,"column":87}},"829":{"start":{"line":830,"column":0},"end":{"line":830,"column":109}},"830":{"start":{"line":831,"column":0},"end":{"line":831,"column":50}},"831":{"start":{"line":832,"column":0},"end":{"line":832,"column":49}},"832":{"start":{"line":833,"column":0},"end":{"line":833,"column":1}},"834":{"start":{"line":835,"column":0},"end":{"line":835,"column":76}},"835":{"start":{"line":836,"column":0},"end":{"line":836,"column":93}},"836":{"start":{"line":837,"column":0},"end":{"line":837,"column":50}},"837":{"start":{"line":838,"column":0},"end":{"line":838,"column":48}},"838":{"start":{"line":839,"column":0},"end":{"line":839,"column":1}},"840":{"start":{"line":841,"column":0},"end":{"line":841,"column":82}},"841":{"start":{"line":842,"column":0},"end":{"line":842,"column":100}},"842":{"start":{"line":843,"column":0},"end":{"line":843,"column":21}},"843":{"start":{"line":844,"column":0},"end":{"line":844,"column":50}},"844":{"start":{"line":845,"column":0},"end":{"line":845,"column":43}},"845":{"start":{"line":846,"column":0},"end":{"line":846,"column":1}},"847":{"start":{"line":848,"column":0},"end":{"line":848,"column":44}},"848":{"start":{"line":849,"column":0},"end":{"line":849,"column":23}},"849":{"start":{"line":850,"column":0},"end":{"line":850,"column":21}},"850":{"start":{"line":851,"column":0},"end":{"line":851,"column":25}},"851":{"start":{"line":852,"column":0},"end":{"line":852,"column":79}},"852":{"start":{"line":853,"column":0},"end":{"line":853,"column":122}},"853":{"start":{"line":854,"column":0},"end":{"line":854,"column":21}},"854":{"start":{"line":855,"column":0},"end":{"line":855,"column":50}},"855":{"start":{"line":856,
[...]
olumn":42}},"184":{"start":{"line":185,"column":0},"end":{"line":185,"column":65}},"185":{"start":{"line":186,"column":0},"end":{"line":186,"column":172}},"186":{"start":{"line":187,"column":0},"end":{"line":187,"column":14}},"187":{"start":{"line":188,"column":0},"end":{"line":188,"column":36}},"188":{"start":{"line":189,"column":0},"end":{"line":189,"column":19}},"189":{"start":{"line":190,"column":0},"end":{"line":190,"column":20}},"190":{"start":{"line":191,"column":0},"end":{"line":191,"column":31}},"191":{"start":{"line":192,"column":0},"end":{"line":192,"column":85}},"192":{"start":{"line":193,"column":0},"end":{"line":193,"column":32}},"193":{"start":{"line":194,"column":0},"end":{"line":194,"column":116}},"195":{"start":{"line":196,"column":0},"end":{"line":196,"column":21}},"197":{"start":{"line":198,"column":0},"end":{"line":198,"column":20}},"198":{"start":{"line":199,"column":0},"end":{"line":199,"column":16}},"199":{"start":{"line":200,"column":0},"end":{"line":200,"column":36}},"200":{"start":{"line":201,"column":0},"end":{"line":201,"column":53}},"201":{"start":{"line":202,"column":0},"end":{"line":202,"column":18}},"202":{"start":{"line":203,"column":0},"end":{"line":203,"column":24}},"203":{"start":{"line":204,"column":0},"end":{"line":204,"column":34}},"204":{"start":{"line":205,"column":0},"end":{"line":205,"column":63}},"205":{"start":{"line":206,"column":0},"end":{"line":206,"column":27}},"206":{"start":{"line":207,"column":0},"end":{"line":207,"column":139}},"208":{"start":{"line":209,"column":0},"end":{"line":209,"column":14}},"209":{"start":{"line":210,"column":0},"end":{"line":210,"column":70}},"210":{"start":{"line":211,"column":0},"end":{"line":211,"column":152}},"211":{"start":{"line":212,"column":0},"end":{"line":212,"column":20}},"212":{"start":{"line":213,"column":0},"end":{"line":213,"column":49}},"213":{"start":{"line":214,"column":0},"end":{"line":214,"column":194}},"215":{"start":{"line":216,"column":0},"end":{"line":216,"column":23}},"216":{"start":{"line":217,"column":0},"end":{"line":217,"column":18}},"217":{"start":{"line":218,"column":0},"end":{"line":218,"column":16}},"218":{"start":{"line":219,"column":0},"end":{"line":219,"column":36}},"219":{"start":{"line":220,"column":0},"end":{"line":220,"column":63}},"220":{"start":{"line":221,"column":0},"end":{"line":221,"column":18}},"221":{"start":{"line":222,"column":0},"end":{"line":222,"column":24}},"222":{"start":{"line":223,"column":0},"end":{"line":223,"column":34}},"223":{"start":{"line":224,"column":0},"end":{"line":224,"column":63}},"224":{"start":{"line":225,"column":0},"end":{"line":225,"column":27}},"225":{"start":{"line":226,"column":0},"end":{"line":226,"column":57}},"226":{"start":{"line":227,"column":0},"end":{"line":227,"column":60}},"227":{"start":{"line":228,"column":0},"end":{"line":228,"column":58}},"229":{"start":{"line":230,"column":0},"end":{"line":230,"column":14}},"230":{"start":{"line":231,"column":0},"end":{"line":231,"column":70}},"231":{"start":{"line":232,"column":0},"end":{"line":232,"column":152}},"232":{"start":{"line":233,"column":0},"end":{"line":233,"column":20}},"233":{"start":{"line":234,"column":0},"end":{"line":234,"column":16}},"234":{"start":{"line":235,"column":0},"end":{"line":235,"column":36}},"235":{"start":{"line":236,"column":0},"end":{"line":236,"column":69}},"236":{"start":{"line":237,"column":0},"end":{"line":237,"column":21}},"237":{"start":{"line":238,"column":0},"end":{"line":238,"column":22}},"238":{"start":{"line":239,"column":0},"end":{"line":239,"column":86}},"239":{"start":{"line":240,"column":0},"end":{"line":240,"column":30}},"240":{"start":{"line":241,"column":0},"end":{"line":241,"column":41}},"241":{"start":{"line":242,"column":0},"end":{"line":242,"column":19}},"242":{"start":{"line":243,"column":0},"end":{"line":243,"column":23}},"243":{"start":{"line":244,"column":0},"end":{"line":244,"column":29}},"244":{"start":{"line":245,"column":0},"end":{"line":245,"column":68}},"245":{"start":{"line":246,"column":0},"end":{"line":246,"column":42}},"246":{"start":{"line":247,"column":0},"end":{"line":247,"column":47}},"247":{"start":{"line":248,"column":0},"end":{"line":248,"column":43}},"248":{"start":{"line":249,"column":0},"end":{"line":249,"column":23}},"249":{"start":{"line":250,"column":0},"end":{"line":250,"column":23}},"250":{"start":{"line":251,"column":0},"end":{"line":251,"column":17}},"252":{"start":{"line":253,"column":0},"end":{"line":253,"column":43}},"253":{"start":{"line":254,"column":0},"end":{"line":254,"column":14}},"254":{"start":{"line":255,"column":0},"end":{"line":255,"column":16}},"255":{"start":{"line":256,"column":0},"end":{"line":256,"column":14}},"256":{"start":{"line":257,"column":0},"end":{"line":257,"column":132}},"257":{"start":{"line":258,"column":0},"end":{"line":258,"column":40}},"258":{"start":{"line":259,"column":0},"end":{"line":259,"column":99}},"259":{"start":{"line":260,"column":0},"end":{"line":260,"column":38}},"260":{"start":{"line":261,"column":0},"end":{"line":261,"column":42}},"261":{"start":{"line":262,"column":0},"end":{"line":262,"column":21}},"262":{"start":{"line":263,"column":0},"end":{"line":263,"column":20}},"263":{"start":{"line":264,"column":0},"end":{"line":264,"column":32}},"264":{"start":{"line":265,"column":0},"end":{"line":265,"column":32}},"265":{"start":{"line":266,"column":0},"end":{"line":266,"column":32}},"266":{"start":{"line":267,"column":0},"end":{"line":267,"column":32}},"267":{"start":{"line":268,"column":0},"end":{"line":268,"column":21}},"268":{"start":{"line":269,"column":0},"end":{"line":269,"column":22}},"269":{"start":{"line":270,"column":0},"end":{"line":270,"column":21}},"270":{"start":{"line":271,"column":0},"end":{"line":271,"column":57}},"271":{"start":{"line":272,"column":0},"end":{"line":272,"column":120}},"272":{"start":{"line":273,"column":0},"end":{"line":273,"column":26}},"273":{"start":{"line":274,"column":0},"end":{"line":274,"column":34}},"274":{"start":{"line":275,"column":0},"end":{"line":275,"column":38}},"275":{"start":{"line":276,"column":0},"end":{"line":276,"column":26}},"276":{"start":{"line":277,"column":0},"end":{"line":277,"column":152}},"277":{"start":{"line":278,"column":0},"end":{"line":278,"column":27}},"278":{"start":{"line":279,"column":0},"end":{"line":279,"column":26}},"279":{"start":{"line":280,"column":0},"end":{"line":280,"column":152}},"280":{"start":{"line":281,"column":0},"end":{"line":281,"column":27}},"281":{"start":{"line":282,"column":0},"end":{"line":282,"column":26}},"282":{"start":{"line":283,"column":0},"end":{"line":283,"column":152}},"283":{"start":{"line":284,"column":0},"end":{"line":284,"column":27}},"284":{"start":{"line":285,"column":0},"end":{"line":285,"column":25}},"286":{"start":{"line":287,"column":0},"end":{"line":287,"column":19}},"287":{"start":{"line":288,"column":0},"end":{"line":288,"column":22}},"288":{"start":{"line":289,"column":0},"end":{"line":289,"column":20}},"289":{"start":{"line":290,"column":0},"end":{"line":290,"column":16}},"290":{"start":{"line":291,"column":0},"end":{"line":291,"column":14}},"291":{"start":{"line":292,"column":0},"end":{"line":292,"column":132}},"292":{"start":{"line":293,"column":0},"end":{"line":293,"column":43}},"293":{"start":{"line":294,"column":0},"end":{"line":294,"column":36}},"294":{"start":{"line":295,"column":0},"end":{"line":295,"column":19}},"295":{"start":{"line":296,"column":0},"end":{"line":296,"column":20}},"296":{"start":{"line":297,"column":0},"end":{"line":297,"column":31}},"297":{"start":{"line":298,"column":0},"end":{"line":298,"column":81}},"298":{"start":{"line":299,"column":0},"end":{"line":299,"column":32}},"299":{"start":{"line":300,"column":0},"end":{"line":300,"column":43}},"300":{"start":{"line":301,"column":0},"end":{"line":301,"column":112}},"301":{"start":{"line":302,"column":0},"end":{"line":302,"column":19}},"303":{"start":{"line":304,"column":0},"end":{"line":304,"column":21}},"305":{"start":{"line":306,"column":0},"end":{"line":306,"column":20}},"306":{"start":{"line":307,"column":0},"end":{"line":307,"column":18}},"307":{"start":{"line":308,"column":0},"end":{"line":308,"column":25}},"308":{"start":{"line":309,"column":0},"end":{"line":309,"column":80}},"309":{"start":{"line":310,"column":0},"end":{"line":310,"column":30}},"310":{"start":{"line":311,"column":0},"end":{"line":311,"column":41}},"311":{"start":{"line":312,"column":0},"end":{"line":312,"column":109}},"312":{"start":{"line":313,"column":0},"end":{"line":313,"column":17}},"314":{"start":{"line":315,"column":0},"end":{"line":315,"column":14}},"315":{"start":{"line":316,"column":0},"end":{"line":316,"column":16}},"316":{"start":{"line":317,"column":0},"end":{"line":317,"column":36}},"317":{"start":{"line":318,"column":0},"end":{"line":318,"column":19}},"318":{"start":{"line":319,"column":0},"end":{"line":319,"column":20}},"319":{"start":{"line":320,"column":0},"end":{"line":320,"column":31}},"320":{"start":{"line":321,"column":0},"end":{"line":321,"column":82}},"321":{"start":{"line":322,"column":0},"end":{"line":322,"column":32}},"322":{"start":{"line":323,"column":0},"end":{"line":323,"column":43}},"323":{"start":{"line":324,"column":0},"end":{"line":324,"column":113}},"324":{"start":{"line":325,"column":0},"end":{"line":325,"column":19}},"326":{"start":{"line":327,"column":0},"end":{"line":327,"column":21}},"328":{"start":{"line":329,"column":0},"end":{"line":329,"column":20}},"329":{"start":{"line":330,"column":0},"end":{"line":330,"column":19}},"330":{"start":{"line":331,"column":0},"end":{"line":331,"column":77}},"331":{"start":{"line":332,"column":0},"end":{"line":332,"column":30}},"332":{"start":{"line":333,"column":0},"end":{"line":333,"column":41}},"333":{"start":{"line":334,"column":0},"end":{"line":334,"column":105}},"334":{"start":{"line":335,"column":0},"end":{"line":335,"column":17}},"337":{"start":{"line":338,"column":0},"end":{"line":338,"column":106}},"338":{"start":{"line":339,"column":0},"end":{"line":339,"column":42}},"339":{"start":{"line":340,"column":0},"end":{"line":340,"column":21}},"340":{"start":{"line":341,"column":0},"end":{"line":341,"column":25}},"341":{"start":{"line":342,"column":0},"end":{"line":342,"column":17}},"342":{"start":{"line":343,"column":0},"end":{"line":343,"column":21}},"343":{"start":{"line":344,"column":0},"end":{"line":344,"column":18}},"344":{"start":{"line":345,"column":0},"end":{"line":345,"column":25}},"345":{"start":{"line":346,"column":0},"end":{"line":346,"column":81}},"346":{"start":{"line":347,"column":0},"end":{"line":347,"column":30}},"347":{"start":{"line":348,"column":0},"end":{"line":348,"column":41}},"348":{"start":{"line":349,"column":0},"end":{"line":349,"column":110}},"349":{"start":{"line":350,"column":0},"end":{"line":350,"column":17}},"351":{"start":{"line":352,"column":0},"end":{"line":352,"column":14}},"352":{"start":{"line":353,"column":0},"end":{"line":353,"column":16}},"353":{"start":{"line":354,"column":0},"end":{"line":354,"column":36}},"354":{"start":{"line":355,"column":0},"end":{"line":355,"column":44}},"355":{"start":{"line":356,"column":0},"end":{"line":356,"column":21}},"356":{"start":{"line":357,"column":0},"end":{"line":357,"column":22}},"357":{"start":{"line":358,"column":0},"end":{"line":358,"column":84}},"358":{"start":{"line":359,"column":0},"end":{"line":359,"column":30}},"359":{"start":{"line":360,"column":0},"end":{"line":360,"column":41}},"360":{"start":{"line":361,"column":0},"end":{"line":361,"column":19}},"361":{"start":{"line":362,"column":0},"end":{"line":362,"column":23}},"362":{"start":{"line":363,"column":0},"end":{"line":363,"column":29}},"363":{"start":{"line":364,"column":0},"end":{"line":364,"column":42}},"364":{"start":{"line":365,"column":0},"end":{"line":365,"column":47}},"365":{"start":{"line":366,"column":0},"end":{"line":366,"column":52}},"366":{"start":{"line":367,"column":0},"end":{"line":367,"column":44}},"367":{"start":{"line":368,"column":0},"end":{"line":368,"column":49}},"368":{"start":{"line":369,"column":0},"end":{"line":369,"column":45}},"369":{"start":{"line":370,"column":0},"end":{"line":370,"column":26}},"370":{"start":{"line":371,"column":0},"end":{"line":371,"column":23}},"371":{"start":{"line":372,"column":0},"end":{"line":372,"column":23}},"372":{"start":{"line":373,"column":0},"end":{"line":373,"column":17}},"374":{"start":{"line":375,"column":0},"end":{"line":375,"column":46}},"375":{"start":{"line":376,"column":0},"end":{"line":376,"column":14}},"376":{"start":{"line":377,"column":0},"end":{"line":377,"column":16}},"377":{"start":{"line":378,"column":0},"end":{"line":378,"column":14}},"378":{"start":{"line":379,"column":0},"end":{"line":379,"column":33}},"379":{"start":{"line":380,"column":0},"end":{"line":380,"column":109}},"381":{"start":{"line":382,"column":0},"end":{"line":382,"column":19}},"382":{"start":{"line":383,"column":0},"end":{"line":383,"column":120}},"384":{"start":{"line":385,"column":0},"end":{"line":385,"column":19}},"385":{"start":{"line":386,"column":0},"end":{"line":386,"column":14}},"386":{"start":{"line":387,"column":0},"end":{"line":387,"column":12}},"387":{"start":{"line":388,"column":0},"end":{"line":388,"column":36}},"388":{"start":{"line":389,"column":0},"end":{"line":389,"column":32}},"389":{"start":{"line":390,"column":0},"end":{"line":390,"column":79}},"390":{"start":{"line":391,"column":0},"end":{"line":391,"column":46}},"391":{"start":{"line":392,"column":0},"end":{"line":392,"column":40}},"392":{"start":{"line":393,"column":0},"end":{"line":393,"column":18}},"393":{"start":{"line":394,"column":0},"end":{"line":394,"column":33}},"394":{"start":{"line":395,"column":0},"end":{"line":395,"column":30}},"395":{"start":{"line":396,"column":0},"end":{"line":396,"column":41}},"396":{"start":{"line":397,"column":0},"end":{"line":397,"column":19}},"397":{"start":{"line":398,"column":0},"end":{"line":398,"column":144}},"398":{"start":{"line":399,"column":0},"end":{"line":399,"column":23}},"399":{"start":{"line":400,"column":0},"end":{"line":400,"column":17}},"401":{"start":{"line":402,"column":0},"end":{"line":402,"column":14}},"402":{"start":{"line":403,"column":0},"end":{"line":403,"column":37}},"403":{"start":{"line":404,"column":0},"end":{"line":404,"column":21}},"404":{"start":{"line":405,"column":0},"end":{"line":405,"column":30}},"405":{"start":{"line":406,"column":0},"end":{"line":406,"column":30}},"406":{"start":{"line":407,"column":0},"end":{"line":407,"column":41}},"407":{"start":{"line":408,"column":0},"end":{"line":408,"column":145}},"408":{"start":{"line":409,"column":0},"end":{"line":409,"column":17}},"410":{"start":{"line":411,"column":0},"end":{"line":411,"column":14}},"411":{"start":{"line":412,"column":0},"end":{"line":412,"column":16}},"412":{"start":{"line":413,"column":0},"end":{"line":413,"column":11}},"413":{"start":{"line":414,"column":0},"end":{"line":414,"column":12}},"414":{"start":{"line":415,"column":0},"end":{"line":415,"column":10}},"416":{"start":{"line":417,"column":0},"end":{"line":417,"column":1}}},"s":{"0":0,"3":0,"4":0,"5":0,"6":0,"7":0,"8":0,"9":0,"11":0,"12":0,"13":0,"14":0,"15":0,"16":0,"17":0,"18":0,"19":0,"20":0,"21":0,"22":0,"23":0,"24":0,"25":0,"26":0,"27":0,"28":0,"29":0,"30":0,"31":0,"32":0,"33":0,"34":0,"35":0,"36":0,"37":0,"38":0,"39":0,"40":0,"41":0,"42":0,"43":0,"44":0,"45":0,"46":0,"47":0,"48":0,"49":0,"50":0,"52":0,"53":0,"54":0,"55":0,"56":0,"57":0,"58":0,"59":0,"60":0,"61":0,"62":0,"63":0,"64":0,"65":0,"66":0,"67":0,"68":0,"69":0,"70":0,"71":0,"72":0,"73":0,"74":0,"75":0,"76":0,"78":0,"79":0,"80":0,"81":0,"82":0,"83":0,"84":0,"85":0,"86":0,"87":0,"88":0,"89":0,"90":0,"91":0,"92":0,"93":0,"94":0,"95":0,"96":0,"97":0,"98":0,"99":0,"100":0,"101":0,"102":0,"103":0,"104":0,"105":0,"106":0,"107":0,"108":0,"109":0,"110":0,"111":0,"112":0,"113":0,"114":0,"115":0,"116":0,"117":0,"118":0,"119":0,"120":0,"121":0,"122":0,"123":0,"124":0,"126":0,"127":0,"128":0,"129":0,"130":0,"131":0,"132":0,"133":0,"134":0,"135":0,"136":0,"137":0,"138":0,"139":0,"140":0,"141":0,"142":0,"143":0,"144":0,"145":0,"146":0,"147":0,"148":0,"149":0,"150":0,"151":0,"152":0,"153":0,"154":0,"155":0,"156":0,"157":0,"158":0,"159":0,"160":0,"161":0,"162":0,"164":0,"165":0,"166":0,"167":0,"168":0,"169":0,"170":0,"172":0,"173":0,"174":0,"175":0,"176":0,"177":0,"178":0,"180":0,"181":0,"182":0,"183":0,"184":0,"185":0,"186":0,"187":0,"188":0,"189":0,"190":0,"191":0,"192":0,"193":0,"195":0,"197":0,"198":0,"199":0,"200":0,"201":0,"202":0,"203":0,"204":0,"205":0,"206":0,"208":0,"209":0,"210":0,"211":0,"212":0,"213":0,"215":0,"216":0,"217":0,"218":0,"219":0,"220":0,"221":0,"222":0,"223":0,"224":0,"225":0,"226":0,"227":0,"229":0,"230":0,"231":0,"232":0,"233":0,"234":0,"235":0,"236":0,"237":0,"238":0,"239":0,"240":0,"241":0,"242":0,"243":0,"244":0,"245":0,"246":0,"247":0,"248":0,"249":0,"250":0,"252":0,"253":0,"254":0,"255":0,"256":0,"257":0,"258":0,"259":0,"260":0,"261":0,"262":0,"263":0,"264":0,"265":0,"266":0,"267":0,"268":0,"269":0,"270":0,"271":0,"272":0,"273":0,"274":0,"275":0,"276":0,"277":0,"278":0,"279":0,"280":0,"281":0,"282":0,"283":0,"284":0,"286":0,"287":0,"288":0,"289":0,"290":0,"291":0,"292":0,"293":0,"294":0,"295":0,"296":0,"297":0,"298":0,"299":0,"300":0,"301":0,"303":0,"305":0,"306":0,"307":0,"308":0,"309":0,"310":0,"311":0,"312":0,"314":0,"315":0,"316":0,"317":0,"318":0,"319":0,"320":0,"321":0,"322":0,"323":0,"324":0,"326":0,"328":0,"329":0,"330":0,"331":0,"332":0,"333":0,"334":0,"337":0,"338":0,"339":0,"340":0,"341":0,"342":0,"343":0,"344":0,"345":0,"346":0,"347":0,"348":0,"349":0,"351":0,"352":0,"353":0,"354":0,"355":0,"356":0,"357":0,"358":0,"359":0,"360":0,"361":0,"362":0,"363":0,"364":0,"365":0,"366":0,"367":0,"368":0,"369":0,"370":0,"371":0,"372":0,"374":0,"375":0,"376":0,"377":0,"378":0,"379":0,"381":0,"382":0,"384":0,"385":0,"386":0,"387":0,"388":0,"389":0,"390":0,"391":0,"392":0,"393":0,"394":0,"395":0,"396":0,"397":0,"398":0,"399":0,"401":0,"402":0,"403":0,"404":0,"405":0,"406":0,"407":0,"408":0,"410":0,"411":0,"412":0,"413":0,"414":0,"416":0},"branchMap":{"0":{"type":"branch","line":1,"loc":{"start":{"line":1,"column":0},"end":{"line":417,"column":-11318}},"locations":[{"start":{"line":1,"column":0},"end":{"line":417,"column":-11318}}]}},"b":{"0":[0]},"fnMap":{"0":{"name":"(empty-report)","decl":{"start":{"line":1,"column":0},"end":{"line":417,"column":-11318}},"loc":{"start":{"line":1,"column":0},"end":{"line":417,"column":-11318}},"line":1}},"f":{"0":0}}
,"D:\\AAF_AppTestify\\frontend\\src\\pages\\settings\\types.ts": {"path":"D:\\AAF_AppTestify\\frontend\\src\\pages\\settings\\types.ts","all":true,"statementMap":{"24":{"start":{"line":25,"column":0},"end":{"line":25,"column":90}},"26":{"start":{"line":27,"column":0},"end":{"line":27,"column":115}},"28":{"start":{"line":29,"column":0},"end":{"line":29,"column":55}},"29":{"start":{"line":30,"column":0},"end":{"line":30,"column":67}},"30":{"start":{"line":31,"column":0},"end":{"line":31,"column":69}},"31":{"start":{"line":32,"column":0},"end":{"line":32,"column":71}},"32":{"start":{"line":33,"column":0},"end":{"line":33,"column":97}},"33":{"start":{"line":34,"column":0},"end":{"line":34,"column":79}},"34":{"start":{"line":35,"column":0},"end":{"line":35,"column":117}},"35":{"start":{"line":36,"column":0},"end":{"line":36,"column":118}},"36":{"start":{"line":37,"column":0},"end":{"line":37,"column":127}},"37":{"start":{"line":38,"column":0},"end":{"line":38,"column":2}}},"s":{"24":0,"26":0,"28":0,"29":0,"30":0,"31":0,"32":0,"33":0,"34":0,"35":0,"36":0,"37":0},"branchMap":{"0":{"type":"branch","line":1,"loc":{"start":{"line":1,"column":4053},"end":{"line":111,"column":37}},"locations":[{"start":{"line":1,"column":4053},"end":{"line":111,"column":37}}]}},"b":{"0":[1]},"fnMap":{"0":{"name":"(empty-report)","decl":{"start":{"line":1,"column":4053},"end":{"line":111,"column":37}},"loc":{"start":{"line":1,"column":4053},"end":{"line":111,"column":37}},"line":1}},"f":{"0":1}}
}
